2022-07-04 21:17:06 INFO: concept 2 model E: 13 items in API response
2022-07-04 21:17:07 INFO: concept II: 10 items in API response
2022-07-04 21:17:07 INFO: concept II model C: 1 items in API response
2022-07-04 21:17:07 INFO: concept II model D: 0 items in API response
2022-07-04 21:17:08 INFO: concept II model E: 0 items in API response
2022-07-04 21:17:08 INFO: -1001797708509: Checked for new listings
2022-07-04 21:18:04 INFO: concept 2: 100 items in API response
2022-07-04 21:18:05 INFO: concept 2 model C: 10 items in API response
2022-07-04 21:18:05 INFO: concept 2 model D: 22 items in API response
2022-07-04 21:18:06 INFO: concept 2 model E: 13 items in API response
2022-07-04 21:18:06 INFO: concept II: 10 items in API response
2022-07-04 21:18:07 INFO: concept II model C: 1 items in API response
2022-07-04 21:18:07 INFO: concept II model D: 0 items in API response
2022-07-04 21:18:07 INFO: concept II model E: 0 items in API response
2022-07-04 21:18:08 INFO: -1001797708509: Checked for new listings
2022-07-04 21:19:04 INFO: concept 2: 100 items in API response
2022-07-04 21:19:04 INFO: concept 2 model C: 10 items in API response
2022-07-04 21:19:05 INFO: concept 2 model D: 22 items in API response
2022-07-04 21:19:05 INFO: concept 2 model E: 13 items in API response
2022-07-04 21:19:05 INFO: concept II: 10 items in API response
2022-07-04 21:19:11 INFO: concept II model C: 1 items in API response
2022-07-04 21:19:11 INFO: concept II model D: 0 items in API response
2022-07-04 21:19:12 INFO: concept II model E: 0 items in API response
2022-07-04 21:19:12 INFO: -1001797708509: Checked for new listings
2022-07-04 21:20:04 INFO: concept 2: 100 items in API response
2022-07-04 21:20:05 INFO: concept 2 model C: 10 items in API response
2022-07-04 21:20:05 INFO: concept 2 model D: 22 items in API response
2022-07-04 21:20:06 INFO: concept 2 model E: 13 items in API response
2022-07-04 21:20:06 INFO: concept II: 10 items in API response
2022-07-04 21:20:06 INFO: concept II model C: 1 items in API response
2022-07-04 21:20:07 INFO: concept II model D: 0 items in API response
2022-07-04 21:20:07 INFO: concept II model E: 0 items in API response
2022-07-04 21:20:07 INFO: -1001797708509: Checked for new listings
2022-07-04 21:21:04 INFO: concept 2: 100 items in API response
2022-07-04 21:21:05 INFO: concept 2 model C: 10 items in API response
2022-07-04 21:21:05 INFO: concept 2 model D: 22 items in API response
2022-07-04 21:21:05 INFO: concept 2 model E: 13 items in API response
2022-07-04 21:21:06 INFO: concept II: 10 items in API response
2022-07-04 21:21:06 INFO: concept II model C: 1 items in API response
2022-07-04 21:21:07 INFO: concept II model D: 0 items in API response
2022-07-04 21:21:07 INFO: concept II model E: 0 items in API response
2022-07-04 21:21:07 INFO: -1001797708509: Checked for new listings
2022-07-04 21:22:04 INFO: concept 2: 100 items in API response
2022-07-04 21:22:05 INFO: concept 2 model C: 10 items in API response
2022-07-04 21:22:05 INFO: concept 2 model D: 22 items in API response
2022-07-04 21:22:06 INFO: concept 2 model E: 13 items in API response
2022-07-04 21:22:06 INFO: concept II: 10 items in API response
2022-07-04 21:22:06 INFO: concept II model C: 1 items in API response
2022-07-04 21:22:07 INFO: concept II model D: 0 items in API response
2022-07-04 21:22:07 INFO: concept II model E: 0 items in API response
2022-07-04 21:22:07 INFO: -1001797708509: Checked for new listings
2022-07-04 21:23:05 INFO: concept 2: 100 items in API response
2022-07-04 21:23:05 INFO: concept 2 model C: 10 items in API response
2022-07-04 21:23:05 INFO: concept 2 model D: 22 items in API response
2022-07-04 21:23:06 INFO: concept 2 model E: 13 items in API response
2022-07-04 21:23:06 INFO: concept II: 10 items in API response
2022-07-04 21:23:07 INFO: concept II model C: 1 items in API response
2022-07-04 21:23:12 INFO: concept II model D: 0 items in API response
2022-07-04 21:23:12 INFO: concept II model E: 0 items in API response
2022-07-04 21:23:12 INFO: -1001797708509: Checked for new listings
2022-07-04 21:24:04 INFO: concept 2: 100 items in API response
2022-07-04 21:24:04 INFO: concept 2 model C: 10 items in API response
2022-07-04 21:24:05 INFO: concept 2 model D: 22 items in API response
2022-07-04 21:24:05 INFO: concept 2 model E: 13 items in API response
2022-07-04 21:24:06 INFO: concept II: 10 items in API response
2022-07-04 21:24:06 INFO: concept II model C: 1 items in API response
2022-07-04 21:24:06 INFO: concept II model D: 0 items in API response
2022-07-04 21:24:07 INFO: concept II model E: 0 items in API response
2022-07-04 21:24:07 INFO: -1001797708509: Checked for new listings
2022-07-04 21:25:04 INFO: concept 2: 100 items in API response
2022-07-04 21:25:05 INFO: concept 2 model C: 10 items in API response
2022-07-04 21:25:05 INFO: concept 2 model D: 22 items in API response
2022-07-04 21:25:06 INFO: concept 2 model E: 13 items in API response
2022-07-04 21:25:06 INFO: concept II: 10 items in API response
2022-07-04 21:25:11 INFO: concept II model C: 1 items in API response
2022-07-04 21:25:12 INFO: concept II model D: 0 items in API response
2022-07-04 21:25:12 INFO: concept II model E: 0 items in API response
2022-07-04 21:25:12 INFO: -1001797708509: Checked for new listings
2022-07-04 21:26:04 INFO: concept 2: 100 items in API response
2022-07-04 21:26:05 INFO: concept 2 model C: 10 items in API response
2022-07-04 21:26:05 INFO: concept 2 model D: 22 items in API response
2022-07-04 21:26:06 INFO: concept 2 model E: 13 items in API response
2022-07-04 21:26:06 INFO: concept II: 10 items in API response
2022-07-04 21:26:06 INFO: concept II model C: 1 items in API response
2022-07-04 21:26:07 INFO: concept II model D: 0 items in API response
2022-07-04 21:26:07 INFO: concept II model E: 0 items in API response
2022-07-04 21:26:07 INFO: -1001797708509: Checked for new listings
2022-07-04 21:27:04 INFO: concept 2: 100 items in API response
2022-07-04 21:27:05 INFO: concept 2 model C: 10 items in API response
2022-07-04 21:27:05 INFO: concept 2 model D: 22 items in API response
2022-07-04 21:27:05 INFO: concept 2 model E: 13 items in API response
2022-07-04 21:27:06 INFO: concept II: 10 items in API response
2022-07-04 21:27:06 INFO: concept II model C: 1 items in API response
2022-07-04 21:27:11 INFO: concept II model D: 0 items in API response
2022-07-04 21:27:12 INFO: concept II model E: 0 items in API response
2022-07-04 21:27:12 INFO: -1001797708509: Checked for new listings
2022-07-04 21:28:04 INFO: concept 2: 100 items in API response
2022-07-04 21:28:04 INFO: concept 2 model C: 10 items in API response
2022-07-04 21:28:05 INFO: concept 2 model D: 22 items in API response
2022-07-04 21:28:05 INFO: concept 2 model E: 13 items in API response
2022-07-04 21:28:06 INFO: concept II: 10 items in API response
2022-07-04 21:28:06 INFO: concept II model C: 1 items in API response
2022-07-04 21:28:06 INFO: concept II model D: 0 items in API response
2022-07-04 21:28:07 INFO: concept II model E: 0 items in API response
2022-07-04 21:28:07 INFO: -1001797708509: Checked for new listings
2022-07-04 21:29:04 INFO: concept 2: 100 items in API response
2022-07-04 21:29:05 INFO: concept 2 model C: 10 items in API response
2022-07-04 21:29:06 INFO: concept 2 model D: 22 items in API response
2022-07-04 21:29:06 INFO: concept 2 model E: 13 items in API response
2022-07-04 21:29:07 INFO: concept II: 10 items in API response
2022-07-04 21:29:07 INFO: concept II model C: 1 items in API response
2022-07-04 21:29:07 INFO: concept II model D: 0 items in API response
2022-07-04 21:29:07 INFO: concept II model E: 0 items in API response
2022-07-04 21:29:08 INFO: -1001797708509: Checked for new listings
2022-07-04 21:30:04 INFO: concept 2: 100 items in API response
2022-07-04 21:30:04 INFO: concept 2 model C: 10 items in API response
2022-07-04 21:30:05 INFO: concept 2 model D: 22 items in API response
2022-07-04 21:30:05 INFO: concept 2 model E: 13 items in API response
2022-07-04 21:30:06 INFO: concept II: 10 items in API response
2022-07-04 21:30:06 INFO: concept II model C: 1 items in API response
2022-07-04 21:30:06 INFO: concept II model D: 0 items in API response
2022-07-04 21:30:07 INFO: concept II model E: 0 items in API response
2022-07-04 21:30:07 INFO: -1001797708509: Checked for new listings
2022-07-04 21:31:04 INFO: concept 2: 100 items in API response
2022-07-04 21:31:04 INFO: concept 2 model C: 10 items in API response
2022-07-04 21:31:05 INFO: concept 2 model D: 22 items in API response
2022-07-04 21:31:05 INFO: concept 2 model E: 13 items in API response
2022-07-04 21:31:06 INFO: concept II: 10 items in API response
2022-07-04 21:31:06 INFO: concept II model C: 1 items in API response
2022-07-04 21:31:06 INFO: concept II model D: 0 items in API response
2022-07-04 21:31:07 INFO: concept II model E: 0 items in API response
2022-07-04 21:31:07 INFO: -1001797708509: Checked for new listings
2022-07-04 21:32:04 INFO: concept 2: 100 items in API response
2022-07-04 21:32:04 INFO: concept 2 model C: 10 items in API response
2022-07-04 21:32:05 INFO: concept 2 model D: 22 items in API response
2022-07-04 21:32:05 INFO: concept 2 model E: 13 items in API response
2022-07-04 21:32:06 INFO: concept II: 10 items in API response
2022-07-04 21:32:06 INFO: concept II model C: 1 items in API response
2022-07-04 21:32:06 INFO: concept II model D: 0 items in API response
2022-07-04 21:32:07 INFO: concept II model E: 0 items in API response
2022-07-04 21:32:07 INFO: -1001797708509: Checked for new listings
2022-07-04 21:33:04 INFO: concept 2: 100 items in API response
2022-07-04 21:33:04 INFO: concept 2 model C: 10 items in API response
2022-07-04 21:33:05 INFO: concept 2 model D: 22 items in API response
2022-07-04 21:33:05 INFO: concept 2 model E: 13 items in API response
2022-07-04 21:33:06 INFO: concept II: 10 items in API response
2022-07-04 21:33:06 INFO: concept II model C: 1 items in API response
2022-07-04 21:33:06 INFO: concept II model D: 0 items in API response
2022-07-04 21:33:12 INFO: concept II model E: 0 items in API response
2022-07-04 21:33:12 INFO: -1001797708509: Checked for new listings
2022-07-04 21:34:04 INFO: concept 2: 100 items in API response
2022-07-04 21:34:05 INFO: concept 2 model C: 0 items in API response
2022-07-04 21:34:06 INFO: concept 2 model D: 22 items in API response
2022-07-04 21:34:06 INFO: concept 2 model E: 13 items in API response
2022-07-04 21:34:06 INFO: concept II: 10 items in API response
2022-07-04 21:34:07 INFO: concept II model C: 1 items in API response
2022-07-04 21:34:07 INFO: concept II model D: 0 items in API response
2022-07-04 21:34:07 INFO: concept II model E: 0 items in API response
2022-07-04 21:34:07 INFO: -1001797708509: Checked for new listings
2022-07-04 21:35:04 INFO: concept 2: 100 items in API response
2022-07-04 21:35:04 INFO: concept 2 model C: 10 items in API response
2022-07-04 21:35:05 INFO: concept 2 model D: 22 items in API response
2022-07-04 21:35:05 INFO: concept 2 model E: 13 items in API response
2022-07-04 21:35:05 INFO: concept II: 10 items in API response
2022-07-04 21:35:06 INFO: concept II model C: 1 items in API response
2022-07-04 21:35:06 INFO: concept II model D: 0 items in API response
2022-07-04 21:35:06 INFO: concept II model E: 0 items in API response
2022-07-04 21:35:06 INFO: -1001797708509: Checked for new listings
2022-07-04 21:36:04 INFO: concept 2: 100 items in API response
2022-07-04 21:36:04 INFO: concept 2 model C: 10 items in API response
2022-07-04 21:36:05 INFO: concept 2 model D: 22 items in API response
2022-07-04 21:36:05 INFO: concept 2 model E: 13 items in API response
2022-07-04 21:36:06 INFO: concept II: 10 items in API response
2022-07-04 21:36:06 INFO: concept II model C: 1 items in API response
2022-07-04 21:36:06 INFO: concept II model D: 0 items in API response
2022-07-04 21:36:06 INFO: concept II model E: 0 items in API response
2022-07-04 21:36:06 INFO: -1001797708509: Checked for new listings
2022-07-04 21:37:04 INFO: concept 2: 100 items in API response
2022-07-04 21:37:04 INFO: concept 2 model C: 10 items in API response
2022-07-04 21:37:04 INFO: concept 2 model D: 22 items in API response
2022-07-04 21:37:05 INFO: concept 2 model E: 13 items in API response
2022-07-04 21:37:05 INFO: concept II: 10 items in API response
2022-07-04 21:37:05 INFO: concept II model C: 1 items in API response
2022-07-04 21:37:06 INFO: concept II model D: 0 items in API response
2022-07-04 21:37:06 INFO: concept II model E: 0 items in API response
2022-07-04 21:37:06 INFO: -1001797708509: Checked for new listings
2022-07-04 21:38:03 INFO: concept 2: 100 items in API response
2022-07-04 21:38:04 INFO: concept 2 model C: 10 items in API response
2022-07-04 21:38:04 INFO: concept 2 model D: 22 items in API response
2022-07-04 21:38:05 INFO: concept 2 model E: 13 items in API response
2022-07-04 21:38:05 INFO: concept II: 10 items in API response
2022-07-04 21:38:06 INFO: concept II model C: 1 items in API response
2022-07-04 21:38:06 INFO: concept II model D: 0 items in API response
2022-07-04 21:38:06 INFO: concept II model E: 0 items in API response
2022-07-04 21:38:06 INFO: -1001797708509: Checked for new listings
2022-07-04 21:39:04 INFO: concept 2: 100 items in API response
2022-07-04 21:39:05 INFO: concept 2 model C: 10 items in API response
2022-07-04 21:39:05 INFO: concept 2 model D: 22 items in API response
2022-07-04 21:39:06 INFO: concept 2 model E: 13 items in API response
2022-07-04 21:39:06 INFO: concept II: 10 items in API response
2022-07-04 21:39:06 INFO: concept II model C: 1 items in API response
2022-07-04 21:39:07 INFO: concept II model D: 0 items in API response
2022-07-04 21:39:07 INFO: concept II model E: 0 items in API response
2022-07-04 21:39:07 INFO: -1001797708509: Checked for new listings
2022-07-04 21:40:04 INFO: concept 2: 100 items in API response
2022-07-04 21:40:05 INFO: concept 2 model C: 10 items in API response
2022-07-04 21:40:05 INFO: concept 2 model D: 22 items in API response
2022-07-04 21:40:06 INFO: concept 2 model E: 13 items in API response
2022-07-04 21:40:06 INFO: concept II: 10 items in API response
2022-07-04 21:40:06 INFO: concept II model C: 1 items in API response
2022-07-04 21:40:07 INFO: concept II model D: 0 items in API response
2022-07-04 21:40:07 INFO: concept II model E: 0 items in API response
2022-07-04 21:40:07 INFO: -1001797708509: Checked for new listings
2022-07-04 21:41:03 INFO: concept 2: 100 items in API response
2022-07-04 21:41:04 INFO: concept 2 model C: 10 items in API response
2022-07-04 21:41:04 INFO: concept 2 model D: 22 items in API response
2022-07-04 21:41:05 INFO: concept 2 model E: 13 items in API response
2022-07-04 21:41:05 INFO: concept II: 10 items in API response
2022-07-04 21:41:05 INFO: concept II model C: 1 items in API response
2022-07-04 21:41:06 INFO: concept II model D: 0 items in API response
2022-07-04 21:41:07 INFO: concept II model E: 0 items in API response
2022-07-04 21:41:07 INFO: -1001797708509: Checked for new listings
2022-07-04 21:42:04 INFO: concept 2: 100 items in API response
2022-07-04 21:42:04 INFO: concept 2 model C: 10 items in API response
2022-07-04 21:42:05 INFO: concept 2 model D: 22 items in API response
2022-07-04 21:42:05 INFO: concept 2 model E: 13 items in API response
2022-07-04 21:42:06 INFO: concept II: 10 items in API response
2022-07-04 21:42:06 INFO: concept II model C: 1 items in API response
2022-07-04 21:42:06 INFO: concept II model D: 0 items in API response
2022-07-04 21:42:07 INFO: concept II model E: 0 items in API response
2022-07-04 21:42:07 INFO: -1001797708509: Checked for new listings
2022-07-04 21:43:04 INFO: concept 2: 100 items in API response
2022-07-04 21:43:04 INFO: concept 2 model C: 10 items in API response
2022-07-04 21:43:05 INFO: concept 2 model D: 22 items in API response
2022-07-04 21:43:06 INFO: concept 2 model E: 13 items in API response
2022-07-04 21:43:07 INFO: concept II: 10 items in API response
2022-07-04 21:43:07 INFO: concept II model C: 1 items in API response
2022-07-04 21:43:07 INFO: concept II model D: 0 items in API response
2022-07-04 21:43:08 INFO: concept II model E: 0 items in API response
2022-07-04 21:43:08 INFO: -1001797708509: Checked for new listings
2022-07-04 21:44:04 INFO: concept 2: 100 items in API response
2022-07-04 21:44:05 INFO: concept 2 model C: 10 items in API response
2022-07-04 21:44:05 INFO: concept 2 model D: 22 items in API response
2022-07-04 21:44:06 INFO: concept 2 model E: 13 items in API response
2022-07-04 21:44:06 INFO: concept II: 10 items in API response
2022-07-04 21:44:07 INFO: concept II model C: 1 items in API response
2022-07-04 21:44:07 INFO: concept II model D: 0 items in API response
2022-07-04 21:44:08 INFO: concept II model E: 0 items in API response
2022-07-04 21:44:08 INFO: -1001797708509: Checked for new listings
2022-07-04 21:45:05 INFO: concept 2: 100 items in API response
2022-07-04 21:45:05 INFO: concept 2 model C: 10 items in API response
2022-07-04 21:45:06 INFO: concept 2 model D: 22 items in API response
2022-07-04 21:45:06 INFO: concept 2 model E: 13 items in API response
2022-07-04 21:45:07 INFO: concept II: 10 items in API response
2022-07-04 21:45:07 INFO: concept II model C: 1 items in API response
2022-07-04 21:45:08 INFO: concept II model D: 0 items in API response
2022-07-04 21:45:08 INFO: concept II model E: 0 items in API response
2022-07-04 21:45:08 INFO: -1001797708509: Checked for new listings
2022-07-04 21:46:05 INFO: concept 2: 100 items in API response
2022-07-04 21:46:05 INFO: concept 2 model C: 10 items in API response
2022-07-04 21:46:06 INFO: concept 2 model D: 22 items in API response
2022-07-04 21:46:06 INFO: concept 2 model E: 13 items in API response
2022-07-04 21:46:07 INFO: concept II: 10 items in API response
2022-07-04 21:46:07 INFO: concept II model C: 1 items in API response
2022-07-04 21:46:07 INFO: concept II model D: 0 items in API response
2022-07-04 21:46:08 INFO: concept II model E: 0 items in API response
2022-07-04 21:46:08 INFO: -1001797708509: Checked for new listings
2022-07-04 21:47:04 INFO: concept 2: 100 items in API response
2022-07-04 21:47:04 INFO: concept 2 model C: 10 items in API response
2022-07-04 21:47:05 INFO: concept 2 model D: 22 items in API response
2022-07-04 21:47:05 INFO: concept 2 model E: 13 items in API response
2022-07-04 21:47:06 INFO: concept II: 10 items in API response
2022-07-04 21:47:06 INFO: concept II model C: 1 items in API response
2022-07-04 21:47:06 INFO: concept II model D: 0 items in API response
2022-07-04 21:47:07 INFO: concept II model E: 0 items in API response
2022-07-04 21:47:07 INFO: -1001797708509: Checked for new listings
2022-07-04 21:48:04 INFO: concept 2: 100 items in API response
2022-07-04 21:48:04 INFO: concept 2 model C: 10 items in API response
2022-07-04 21:48:05 INFO: concept 2 model D: 22 items in API response
2022-07-04 21:48:05 INFO: concept 2 model E: 13 items in API response
2022-07-04 21:48:05 INFO: concept II: 10 items in API response
2022-07-04 21:48:06 INFO: concept II model C: 1 items in API response
2022-07-04 21:48:06 INFO: concept II model D: 0 items in API response
2022-07-04 21:48:06 INFO: concept II model E: 0 items in API response
2022-07-04 21:48:06 INFO: -1001797708509: Checked for new listings
2022-07-04 21:49:04 INFO: concept 2: 100 items in API response
2022-07-04 21:49:04 INFO: concept 2 model C: 10 items in API response
2022-07-04 21:49:05 INFO: concept 2 model D: 22 items in API response
2022-07-04 21:49:05 INFO: concept 2 model E: 13 items in API response
2022-07-04 21:49:05 INFO: concept II: 10 items in API response
2022-07-04 21:49:06 INFO: concept II model C: 1 items in API response
2022-07-04 21:49:06 INFO: concept II model D: 0 items in API response
2022-07-04 21:49:06 INFO: concept II model E: 0 items in API response
2022-07-04 21:49:06 INFO: -1001797708509: Checked for new listings
2022-07-04 21:50:04 INFO: concept 2: 100 items in API response
2022-07-04 21:50:05 INFO: concept 2 model C: 10 items in API response
2022-07-04 21:50:05 INFO: concept 2 model D: 22 items in API response
2022-07-04 21:50:05 INFO: concept 2 model E: 13 items in API response
2022-07-04 21:50:06 INFO: concept II: 10 items in API response
2022-07-04 21:50:06 INFO: concept II model C: 1 items in API response
2022-07-04 21:50:06 INFO: concept II model D: 0 items in API response
2022-07-04 21:50:07 INFO: concept II model E: 0 items in API response
2022-07-04 21:50:07 INFO: -1001797708509: Checked for new listings
2022-07-04 21:51:04 INFO: concept 2: 100 items in API response
2022-07-04 21:51:04 INFO: concept 2 model C: 10 items in API response
2022-07-04 21:51:05 INFO: concept 2 model D: 22 items in API response
2022-07-04 21:51:05 INFO: concept 2 model E: 13 items in API response
2022-07-04 21:51:06 INFO: concept II: 10 items in API response
2022-07-04 21:51:06 INFO: concept II model C: 1 items in API response
2022-07-04 21:51:06 INFO: concept II model D: 0 items in API response
2022-07-04 21:51:07 INFO: concept II model E: 0 items in API response
2022-07-04 21:51:07 INFO: -1001797708509: Checked for new listings
2022-07-04 21:52:04 INFO: concept 2: 100 items in API response
2022-07-04 21:52:04 INFO: concept 2 model C: 10 items in API response
2022-07-04 21:52:05 INFO: concept 2 model D: 22 items in API response
2022-07-04 21:52:05 INFO: concept 2 model E: 13 items in API response
2022-07-04 21:52:06 INFO: concept II: 10 items in API response
2022-07-04 21:52:06 INFO: concept II model C: 1 items in API response
2022-07-04 21:52:06 INFO: concept II model D: 0 items in API response
2022-07-04 21:52:06 INFO: concept II model E: 0 items in API response
2022-07-04 21:52:06 INFO: -1001797708509: Checked for new listings
2022-07-04 21:53:04 INFO: concept 2: 100 items in API response
2022-07-04 21:53:04 INFO: concept 2 model C: 10 items in API response
2022-07-04 21:53:05 INFO: concept 2 model D: 22 items in API response
2022-07-04 21:53:05 INFO: concept 2 model E: 13 items in API response
2022-07-04 21:53:06 INFO: concept II: 10 items in API response
2022-07-04 21:53:06 INFO: concept II model C: 1 items in API response
2022-07-04 21:53:06 INFO: concept II model D: 0 items in API response
2022-07-04 21:53:07 INFO: concept II model E: 0 items in API response
2022-07-04 21:53:07 INFO: -1001797708509: Checked for new listings
2022-07-04 21:54:04 INFO: concept 2: 100 items in API response
2022-07-04 21:54:04 INFO: concept 2 model C: 10 items in API response
2022-07-04 21:54:05 INFO: concept 2 model D: 22 items in API response
2022-07-04 21:54:05 INFO: concept 2 model E: 13 items in API response
2022-07-04 21:54:06 INFO: concept II: 10 items in API response
2022-07-04 21:54:06 INFO: concept II model C: 1 items in API response
2022-07-04 21:54:06 INFO: concept II model D: 0 items in API response
2022-07-04 21:54:07 INFO: concept II model E: 0 items in API response
2022-07-04 21:54:07 INFO: -1001797708509: Checked for new listings
2022-07-04 21:55:04 INFO: concept 2: 100 items in API response
2022-07-04 21:55:04 INFO: concept 2 model C: 10 items in API response
2022-07-04 21:55:05 INFO: concept 2 model D: 22 items in API response
2022-07-04 21:55:05 INFO: concept 2 model E: 13 items in API response
2022-07-04 21:55:06 INFO: concept II: 10 items in API response
2022-07-04 21:55:06 INFO: concept II model C: 1 items in API response
2022-07-04 21:55:06 INFO: concept II model D: 0 items in API response
2022-07-04 21:55:06 INFO: concept II model E: 0 items in API response
2022-07-04 21:55:06 INFO: -1001797708509: Checked for new listings
2022-07-04 21:56:04 INFO: concept 2: 100 items in API response
2022-07-04 21:56:04 INFO: concept 2 model C: 10 items in API response
2022-07-04 21:56:04 INFO: concept 2 model D: 22 items in API response
2022-07-04 21:56:05 INFO: concept 2 model E: 13 items in API response
2022-07-04 21:56:05 INFO: concept II: 10 items in API response
2022-07-04 21:56:05 INFO: concept II model C: 1 items in API response
2022-07-04 21:56:06 INFO: concept II model D: 0 items in API response
2022-07-04 21:56:06 INFO: concept II model E: 0 items in API response
2022-07-04 21:56:06 INFO: -1001797708509: Checked for new listings
2022-07-04 21:57:04 INFO: concept 2: 100 items in API response
2022-07-04 21:57:05 INFO: concept 2 model C: 10 items in API response
2022-07-04 21:57:05 INFO: concept 2 model D: 22 items in API response
2022-07-04 21:57:05 INFO: concept 2 model E: 13 items in API response
2022-07-04 21:57:06 INFO: concept II: 10 items in API response
2022-07-04 21:57:06 INFO: concept II model C: 1 items in API response
2022-07-04 21:57:06 INFO: concept II model D: 0 items in API response
2022-07-04 21:57:07 INFO: concept II model E: 0 items in API response
2022-07-04 21:57:07 INFO: -1001797708509: Checked for new listings
2022-07-04 21:58:04 INFO: concept 2: 100 items in API response
2022-07-04 21:58:04 INFO: concept 2 model C: 10 items in API response
2022-07-04 21:58:05 INFO: concept 2 model D: 22 items in API response
2022-07-04 21:58:05 INFO: concept 2 model E: 13 items in API response
2022-07-04 21:58:06 INFO: concept II: 10 items in API response
2022-07-04 21:58:06 INFO: concept II model C: 1 items in API response
2022-07-04 21:58:06 INFO: concept II model D: 0 items in API response
2022-07-04 21:58:06 INFO: concept II model E: 0 items in API response
2022-07-04 21:58:06 INFO: -1001797708509: Checked for new listings
2022-07-04 21:59:04 INFO: concept 2: 100 items in API response
2022-07-04 21:59:04 INFO: concept 2 model C: 10 items in API response
2022-07-04 21:59:05 INFO: concept 2 model D: 22 items in API response
2022-07-04 21:59:05 INFO: concept 2 model E: 13 items in API response
2022-07-04 21:59:05 INFO: concept II: 10 items in API response
2022-07-04 21:59:06 INFO: concept II model C: 1 items in API response
2022-07-04 21:59:06 INFO: concept II model D: 0 items in API response
2022-07-04 21:59:06 INFO: concept II model E: 0 items in API response
2022-07-04 21:59:06 INFO: -1001797708509: Checked for new listings
2022-07-04 22:00:05 INFO: concept 2: 100 items in API response
2022-07-04 22:00:05 INFO: concept 2 model C: 10 items in API response
2022-07-04 22:00:06 INFO: concept 2 model D: 22 items in API response
2022-07-04 22:00:06 INFO: concept 2 model E: 13 items in API response
2022-07-04 22:00:07 INFO: concept II: 10 items in API response
2022-07-04 22:00:08 INFO: concept II model C: 1 items in API response
2022-07-04 22:00:08 INFO: concept II model D: 0 items in API response
2022-07-04 22:00:09 INFO: concept II model E: 0 items in API response
2022-07-04 22:00:09 INFO: -1001797708509: Checked for new listings
2022-07-04 22:01:04 INFO: concept 2: 100 items in API response
2022-07-04 22:01:04 INFO: concept 2 model C: 10 items in API response
2022-07-04 22:01:05 INFO: concept 2 model D: 22 items in API response
2022-07-04 22:01:05 INFO: concept 2 model E: 13 items in API response
2022-07-04 22:01:06 INFO: concept II: 10 items in API response
2022-07-04 22:01:06 INFO: concept II model C: 1 items in API response
2022-07-04 22:01:07 INFO: concept II model D: 0 items in API response
2022-07-04 22:01:07 INFO: concept II model E: 0 items in API response
2022-07-04 22:01:07 INFO: -1001797708509: Checked for new listings
2022-07-04 22:02:04 INFO: concept 2: 100 items in API response
2022-07-04 22:02:05 INFO: concept 2 model C: 10 items in API response
2022-07-04 22:02:05 INFO: concept 2 model D: 22 items in API response
2022-07-04 22:02:09 INFO: concept 2 model E: 13 items in API response
2022-07-04 22:02:11 INFO: concept II: 10 items in API response
2022-07-04 22:02:13 INFO: concept II model C: 1 items in API response
2022-07-04 22:02:13 INFO: concept II model D: 0 items in API response
2022-07-04 22:02:13 INFO: concept II model E: 0 items in API response
2022-07-04 22:02:13 INFO: -1001797708509: Checked for new listings
2022-07-04 22:03:03 INFO: concept 2: 100 items in API response
2022-07-04 22:03:04 INFO: concept 2 model C: 10 items in API response
2022-07-04 22:03:05 INFO: concept 2 model D: 22 items in API response
2022-07-04 22:03:05 INFO: concept 2 model E: 13 items in API response
2022-07-04 22:03:05 INFO: concept II: 10 items in API response
2022-07-04 22:03:06 INFO: concept II model C: 1 items in API response
2022-07-04 22:03:06 INFO: concept II model D: 0 items in API response
2022-07-04 22:03:07 INFO: concept II model E: 0 items in API response
2022-07-04 22:03:07 INFO: -1001797708509: Checked for new listings
2022-07-04 22:04:04 INFO: concept 2: 100 items in API response
2022-07-04 22:04:04 INFO: concept 2 model C: 10 items in API response
2022-07-04 22:04:05 INFO: concept 2 model D: 22 items in API response
2022-07-04 22:04:05 INFO: concept 2 model E: 13 items in API response
2022-07-04 22:04:05 INFO: concept II: 10 items in API response
2022-07-04 22:04:06 INFO: concept II model C: 1 items in API response
2022-07-04 22:04:06 INFO: concept II model D: 0 items in API response
2022-07-04 22:04:06 INFO: concept II model E: 0 items in API response
2022-07-04 22:04:06 INFO: -1001797708509: Checked for new listings
2022-07-04 22:05:04 INFO: concept 2: 100 items in API response
2022-07-04 22:05:04 INFO: concept 2 model C: 10 items in API response
2022-07-04 22:05:06 INFO: concept 2 model D: 22 items in API response
2022-07-04 22:05:07 INFO: concept 2 model E: 13 items in API response
2022-07-04 22:05:07 INFO: concept II: 10 items in API response
2022-07-04 22:05:07 INFO: concept II model C: 1 items in API response
2022-07-04 22:05:08 INFO: concept II model D: 0 items in API response
2022-07-04 22:05:08 INFO: concept II model E: 0 items in API response
2022-07-04 22:05:08 INFO: -1001797708509: Checked for new listings
2022-07-04 22:06:03 INFO: concept 2: 100 items in API response
2022-07-04 22:06:05 INFO: concept 2 model C: 10 items in API response
2022-07-04 22:06:05 INFO: concept 2 model D: 22 items in API response
2022-07-04 22:06:06 INFO: concept 2 model E: 13 items in API response
2022-07-04 22:06:06 INFO: concept II: 10 items in API response
2022-07-04 22:06:07 INFO: concept II model C: 1 items in API response
2022-07-04 22:06:07 INFO: concept II model D: 0 items in API response
2022-07-04 22:06:07 INFO: concept II model E: 0 items in API response
2022-07-04 22:06:07 INFO: -1001797708509: Checked for new listings
2022-07-04 22:07:04 INFO: concept 2: 100 items in API response
2022-07-04 22:07:05 INFO: concept 2 model C: 10 items in API response
2022-07-04 22:07:05 INFO: concept 2 model D: 22 items in API response
2022-07-04 22:07:06 INFO: concept 2 model E: 13 items in API response
2022-07-04 22:07:07 INFO: concept II: 10 items in API response
2022-07-04 22:07:07 INFO: concept II model C: 1 items in API response
2022-07-04 22:07:07 INFO: concept II model D: 0 items in API response
2022-07-04 22:07:08 INFO: concept II model E: 0 items in API response
2022-07-04 22:07:08 INFO: -1001797708509: Checked for new listings
2022-07-04 22:08:04 INFO: concept 2: 100 items in API response
2022-07-04 22:08:04 INFO: concept 2 model C: 10 items in API response
2022-07-04 22:08:05 INFO: concept 2 model D: 22 items in API response
2022-07-04 22:08:05 INFO: concept 2 model E: 13 items in API response
2022-07-04 22:08:06 INFO: concept II: 10 items in API response
2022-07-04 22:08:06 INFO: concept II model C: 1 items in API response
2022-07-04 22:08:06 INFO: concept II model D: 0 items in API response
2022-07-04 22:08:07 INFO: concept II model E: 0 items in API response
2022-07-04 22:08:07 INFO: -1001797708509: Checked for new listings
2022-07-04 22:09:04 INFO: concept 2: 100 items in API response
2022-07-04 22:09:05 INFO: concept 2 model C: 10 items in API response
2022-07-04 22:09:05 INFO: concept 2 model D: 22 items in API response
2022-07-04 22:09:06 INFO: concept 2 model E: 13 items in API response
2022-07-04 22:09:06 INFO: concept II: 10 items in API response
2022-07-04 22:09:07 INFO: concept II model C: 1 items in API response
2022-07-04 22:09:07 INFO: concept II model D: 0 items in API response
2022-07-04 22:09:07 INFO: concept II model E: 0 items in API response
2022-07-04 22:09:07 INFO: -1001797708509: Checked for new listings
2022-07-04 22:10:04 INFO: concept 2: 100 items in API response
2022-07-04 22:10:04 INFO: concept 2 model C: 10 items in API response
2022-07-04 22:10:10 INFO: concept 2 model D: 22 items in API response
2022-07-04 22:10:12 INFO: concept 2 model E: 13 items in API response
2022-07-04 22:10:13 INFO: concept II: 10 items in API response
2022-07-04 22:10:13 INFO: concept II model C: 1 items in API response
2022-07-04 22:10:13 INFO: concept II model D: 0 items in API response
2022-07-04 22:10:13 INFO: concept II model E: 0 items in API response
2022-07-04 22:10:13 INFO: -1001797708509: Checked for new listings
2022-07-04 22:11:04 INFO: concept 2: 100 items in API response
2022-07-04 22:11:09 INFO: concept 2 model C: 10 items in API response
2022-07-04 22:11:10 INFO: concept 2 model D: 22 items in API response
2022-07-04 22:11:11 INFO: concept 2 model E: 13 items in API response
2022-07-04 22:11:11 INFO: concept II: 10 items in API response
2022-07-04 22:11:12 INFO: concept II model C: 1 items in API response
2022-07-04 22:11:12 INFO: concept II model D: 0 items in API response
2022-07-04 22:11:12 INFO: concept II model E: 0 items in API response
2022-07-04 22:11:12 INFO: -1001797708509: Checked for new listings
2022-07-04 22:12:04 INFO: concept 2: 100 items in API response
2022-07-04 22:12:05 INFO: concept 2 model C: 10 items in API response
2022-07-04 22:12:05 INFO: concept 2 model D: 22 items in API response
2022-07-04 22:12:06 INFO: concept 2 model E: 13 items in API response
2022-07-04 22:12:06 INFO: concept II: 10 items in API response
2022-07-04 22:12:07 INFO: concept II model C: 1 items in API response
2022-07-04 22:12:07 INFO: concept II model D: 0 items in API response
2022-07-04 22:12:07 INFO: concept II model E: 0 items in API response
2022-07-04 22:12:07 INFO: -1001797708509: Checked for new listings
2022-07-04 22:13:04 INFO: concept 2: 100 items in API response
2022-07-04 22:13:05 INFO: concept 2 model C: 10 items in API response
2022-07-04 22:13:05 INFO: concept 2 model D: 22 items in API response
2022-07-04 22:13:05 INFO: concept 2 model E: 13 items in API response
2022-07-04 22:13:06 INFO: concept II: 10 items in API response
2022-07-04 22:13:06 INFO: concept II model C: 1 items in API response
2022-07-04 22:13:06 INFO: concept II model D: 0 items in API response
2022-07-04 22:13:07 INFO: concept II model E: 0 items in API response
2022-07-04 22:13:07 INFO: -1001797708509: Checked for new listings
2022-07-04 22:14:04 INFO: concept 2: 100 items in API response
2022-07-04 22:14:05 INFO: concept 2 model C: 10 items in API response
2022-07-04 22:14:05 INFO: concept 2 model D: 22 items in API response
2022-07-04 22:14:06 INFO: concept 2 model E: 13 items in API response
2022-07-04 22:14:06 INFO: concept II: 10 items in API response
2022-07-04 22:14:07 INFO: concept II model C: 1 items in API response
2022-07-04 22:14:07 INFO: concept II model D: 0 items in API response
2022-07-04 22:14:07 INFO: concept II model E: 0 items in API response
2022-07-04 22:14:07 INFO: -1001797708509: Checked for new listings
2022-07-04 22:15:04 INFO: concept 2: 100 items in API response
2022-07-04 22:15:05 INFO: concept 2 model C: 10 items in API response
2022-07-04 22:15:05 INFO: concept 2 model D: 22 items in API response
2022-07-04 22:15:06 INFO: concept 2 model E: 13 items in API response
2022-07-04 22:15:06 INFO: concept II: 10 items in API response
2022-07-04 22:15:07 INFO: concept II model C: 1 items in API response
2022-07-04 22:15:07 INFO: concept II model D: 0 items in API response
2022-07-04 22:15:07 INFO: concept II model E: 0 items in API response
2022-07-04 22:15:07 INFO: -1001797708509: Checked for new listings
2022-07-04 22:16:03 INFO: concept 2: 100 items in API response
2022-07-04 22:16:04 INFO: concept 2 model C: 10 items in API response
2022-07-04 22:16:04 INFO: concept 2 model D: 22 items in API response
2022-07-04 22:16:05 INFO: concept 2 model E: 13 items in API response
2022-07-04 22:16:05 INFO: concept II: 10 items in API response
2022-07-04 22:16:06 INFO: concept II model C: 1 items in API response
2022-07-04 22:16:06 INFO: concept II model D: 0 items in API response
2022-07-04 22:16:06 INFO: concept II model E: 0 items in API response
2022-07-04 22:16:06 INFO: -1001797708509: Checked for new listings
2022-07-04 22:17:04 INFO: concept 2: 100 items in API response
2022-07-04 22:17:05 INFO: concept 2 model C: 10 items in API response
2022-07-04 22:17:05 INFO: concept 2 model D: 22 items in API response
2022-07-04 22:17:05 INFO: concept 2 model E: 13 items in API response
2022-07-04 22:17:06 INFO: concept II: 10 items in API response
2022-07-04 22:17:06 INFO: concept II model C: 1 items in API response
2022-07-04 22:17:11 INFO: concept II model D: 0 items in API response
2022-07-04 22:17:12 INFO: concept II model E: 0 items in API response
2022-07-04 22:17:12 INFO: -1001797708509: Checked for new listings
2022-07-04 22:18:04 INFO: concept 2: 100 items in API response
2022-07-04 22:18:09 INFO: concept 2 model C: 10 items in API response
2022-07-04 22:18:10 INFO: concept 2 model D: 22 items in API response
2022-07-04 22:18:11 INFO: concept 2 model E: 12 items in API response
2022-07-04 22:18:11 INFO: concept II: 10 items in API response
2022-07-04 22:18:12 INFO: concept II model C: 1 items in API response
2022-07-04 22:18:12 INFO: concept II model D: 0 items in API response
2022-07-04 22:18:12 INFO: concept II model E: 0 items in API response
2022-07-04 22:18:12 INFO: -1001797708509: Checked for new listings
2022-07-04 22:19:04 INFO: concept 2: 100 items in API response
2022-07-04 22:19:05 INFO: concept 2 model C: 10 items in API response
2022-07-04 22:19:05 INFO: concept 2 model D: 22 items in API response
2022-07-04 22:19:05 INFO: concept 2 model E: 12 items in API response
2022-07-04 22:19:06 INFO: concept II: 10 items in API response
2022-07-04 22:19:06 INFO: concept II model C: 1 items in API response
2022-07-04 22:19:06 INFO: concept II model D: 0 items in API response
2022-07-04 22:19:07 INFO: concept II model E: 0 items in API response
2022-07-04 22:19:07 INFO: -1001797708509: Checked for new listings
2022-07-04 22:20:04 INFO: concept 2: 100 items in API response
2022-07-04 22:20:04 INFO: concept 2 model C: 10 items in API response
2022-07-04 22:20:05 INFO: concept 2 model D: 22 items in API response
2022-07-04 22:20:05 INFO: concept 2 model E: 12 items in API response
2022-07-04 22:20:06 INFO: concept II: 10 items in API response
2022-07-04 22:20:06 INFO: concept II model C: 1 items in API response
2022-07-04 22:20:06 INFO: concept II model D: 0 items in API response
2022-07-04 22:20:06 INFO: concept II model E: 0 items in API response
2022-07-04 22:20:06 INFO: -1001797708509: Checked for new listings
2022-07-04 22:21:04 INFO: concept 2: 100 items in API response
2022-07-04 22:21:04 INFO: concept 2 model C: 10 items in API response
2022-07-04 22:21:05 INFO: concept 2 model D: 22 items in API response
2022-07-04 22:21:05 INFO: concept 2 model E: 12 items in API response
2022-07-04 22:21:05 INFO: concept II: 10 items in API response
2022-07-04 22:21:06 INFO: concept II model C: 1 items in API response
2022-07-04 22:21:06 INFO: concept II model D: 0 items in API response
2022-07-04 22:21:06 INFO: concept II model E: 0 items in API response
2022-07-04 22:21:06 INFO: -1001797708509: Checked for new listings
2022-07-04 22:22:03 INFO: concept 2: 100 items in API response
2022-07-04 22:22:04 INFO: concept 2 model C: 10 items in API response
2022-07-04 22:22:06 INFO: concept 2 model D: 22 items in API response
2022-07-04 22:22:06 INFO: concept 2 model E: 12 items in API response
2022-07-04 22:22:06 INFO: concept II: 10 items in API response
2022-07-04 22:22:07 INFO: concept II model C: 1 items in API response
2022-07-04 22:22:07 INFO: concept II model D: 0 items in API response
2022-07-04 22:22:07 INFO: concept II model E: 0 items in API response
2022-07-04 22:22:07 INFO: -1001797708509: Checked for new listings
2022-07-04 22:23:04 INFO: concept 2: 100 items in API response
2022-07-04 22:23:04 INFO: concept 2 model C: 10 items in API response
2022-07-04 22:23:04 INFO: concept 2 model D: 22 items in API response
2022-07-04 22:23:05 INFO: concept 2 model E: 12 items in API response
2022-07-04 22:23:05 INFO: concept II: 10 items in API response
2022-07-04 22:23:05 INFO: concept II model C: 1 items in API response
2022-07-04 22:23:06 INFO: concept II model D: 0 items in API response
2022-07-04 22:23:06 INFO: concept II model E: 0 items in API response
2022-07-04 22:23:06 INFO: -1001797708509: Checked for new listings
2022-07-04 22:24:04 INFO: concept 2: 100 items in API response
2022-07-04 22:24:05 INFO: concept 2 model C: 10 items in API response
2022-07-04 22:24:05 INFO: concept 2 model D: 22 items in API response
2022-07-04 22:24:06 INFO: concept 2 model E: 12 items in API response
2022-07-04 22:24:06 INFO: concept II: 10 items in API response
2022-07-04 22:24:07 INFO: concept II model C: 1 items in API response
2022-07-04 22:24:07 INFO: concept II model D: 0 items in API response
2022-07-04 22:24:07 INFO: concept II model E: 0 items in API response
2022-07-04 22:24:07 INFO: -1001797708509: Checked for new listings
2022-07-04 22:25:03 INFO: concept 2: 100 items in API response
2022-07-04 22:25:04 INFO: concept 2 model C: 10 items in API response
2022-07-04 22:25:04 INFO: concept 2 model D: 22 items in API response
2022-07-04 22:25:05 INFO: concept 2 model E: 12 items in API response
2022-07-04 22:25:05 INFO: concept II: 10 items in API response
2022-07-04 22:25:05 INFO: concept II model C: 1 items in API response
2022-07-04 22:25:06 INFO: concept II model D: 0 items in API response
2022-07-04 22:25:06 INFO: concept II model E: 0 items in API response
2022-07-04 22:25:06 INFO: -1001797708509: Checked for new listings
2022-07-04 22:26:04 INFO: concept 2: 100 items in API response
2022-07-04 22:26:07 INFO: concept 2 model C: 10 items in API response
2022-07-04 22:26:07 INFO: concept 2 model D: 22 items in API response
2022-07-04 22:26:08 INFO: concept 2 model E: 12 items in API response
2022-07-04 22:26:08 INFO: concept II: 10 items in API response
2022-07-04 22:26:09 INFO: concept II model C: 1 items in API response
2022-07-04 22:26:09 INFO: concept II model D: 0 items in API response
2022-07-04 22:26:10 INFO: concept II model E: 0 items in API response
2022-07-04 22:26:10 INFO: -1001797708509: Checked for new listings
2022-07-04 22:27:04 INFO: concept 2: 100 items in API response
2022-07-04 22:27:04 INFO: concept 2 model C: 10 items in API response
2022-07-04 22:27:05 INFO: concept 2 model D: 22 items in API response
2022-07-04 22:27:05 INFO: concept 2 model E: 12 items in API response
2022-07-04 22:27:09 INFO: concept II: 10 items in API response
2022-07-04 22:27:09 INFO: concept II model C: 1 items in API response
2022-07-04 22:27:10 INFO: concept II model D: 0 items in API response
2022-07-04 22:27:10 INFO: concept II model E: 0 items in API response
2022-07-04 22:27:10 INFO: -1001797708509: Checked for new listings
2022-07-04 22:28:03 INFO: concept 2: 100 items in API response
2022-07-04 22:28:04 INFO: concept 2 model C: 10 items in API response
2022-07-04 22:28:04 INFO: concept 2 model D: 22 items in API response
2022-07-04 22:28:05 INFO: concept 2 model E: 12 items in API response
2022-07-04 22:28:05 INFO: concept II: 10 items in API response
2022-07-04 22:28:06 INFO: concept II model C: 1 items in API response
2022-07-04 22:28:06 INFO: concept II model D: 0 items in API response
2022-07-04 22:28:06 INFO: concept II model E: 0 items in API response
2022-07-04 22:28:06 INFO: -1001797708509: Checked for new listings
2022-07-04 22:29:03 INFO: concept 2: 100 items in API response
2022-07-04 22:29:04 INFO: concept 2 model C: 10 items in API response
2022-07-04 22:29:04 INFO: concept 2 model D: 22 items in API response
2022-07-04 22:29:05 INFO: concept 2 model E: 12 items in API response
2022-07-04 22:29:05 INFO: concept II: 10 items in API response
2022-07-04 22:29:05 INFO: concept II model C: 1 items in API response
2022-07-04 22:29:06 INFO: concept II model D: 0 items in API response
2022-07-04 22:29:06 INFO: concept II model E: 0 items in API response
2022-07-04 22:29:06 INFO: -1001797708509: Checked for new listings
2022-07-04 22:30:04 INFO: concept 2: 100 items in API response
2022-07-04 22:30:09 INFO: concept 2 model C: 10 items in API response
2022-07-04 22:30:10 INFO: concept 2 model D: 22 items in API response
2022-07-04 22:30:10 INFO: concept 2 model E: 12 items in API response
2022-07-04 22:30:11 INFO: concept II: 10 items in API response
2022-07-04 22:30:11 INFO: concept II model C: 1 items in API response
2022-07-04 22:30:12 INFO: concept II model D: 0 items in API response
2022-07-04 22:30:12 INFO: concept II model E: 0 items in API response
2022-07-04 22:30:12 INFO: -1001797708509: Checked for new listings
2022-07-04 22:31:04 INFO: concept 2: 100 items in API response
2022-07-04 22:31:04 INFO: concept 2 model C: 10 items in API response
2022-07-04 22:31:04 INFO: concept 2 model D: 22 items in API response
2022-07-04 22:31:05 INFO: concept 2 model E: 12 items in API response
2022-07-04 22:31:05 INFO: concept II: 10 items in API response
2022-07-04 22:31:06 INFO: concept II model C: 1 items in API response
2022-07-04 22:31:06 INFO: concept II model D: 0 items in API response
2022-07-04 22:31:06 INFO: concept II model E: 0 items in API response
2022-07-04 22:31:06 INFO: -1001797708509: Checked for new listings
2022-07-04 22:32:04 INFO: concept 2: 100 items in API response
2022-07-04 22:32:05 INFO: concept 2 model C: 10 items in API response
2022-07-04 22:32:05 INFO: concept 2 model D: 22 items in API response
2022-07-04 22:32:07 INFO: concept 2 model E: 12 items in API response
2022-07-04 22:32:07 INFO: concept II: 10 items in API response
2022-07-04 22:32:08 INFO: concept II model C: 1 items in API response
2022-07-04 22:32:08 INFO: concept II model D: 0 items in API response
2022-07-04 22:32:08 INFO: concept II model E: 0 items in API response
2022-07-04 22:32:08 INFO: -1001797708509: Checked for new listings
2022-07-04 22:33:03 INFO: concept 2: 100 items in API response
2022-07-04 22:33:04 INFO: concept 2 model C: 10 items in API response
2022-07-04 22:33:04 INFO: concept 2 model D: 22 items in API response
2022-07-04 22:33:05 INFO: concept 2 model E: 12 items in API response
2022-07-04 22:33:05 INFO: concept II: 10 items in API response
2022-07-04 22:33:06 INFO: concept II model C: 1 items in API response
2022-07-04 22:33:06 INFO: concept II model D: 0 items in API response
2022-07-04 22:33:06 INFO: concept II model E: 0 items in API response
2022-07-04 22:33:06 INFO: -1001797708509: Checked for new listings
2022-07-04 22:34:04 INFO: concept 2: 100 items in API response
2022-07-04 22:34:05 INFO: concept 2 model C: 10 items in API response
2022-07-04 22:34:05 INFO: concept 2 model D: 22 items in API response
2022-07-04 22:34:05 INFO: concept 2 model E: 12 items in API response
2022-07-04 22:34:06 INFO: concept II: 10 items in API response
2022-07-04 22:34:06 INFO: concept II model C: 1 items in API response
2022-07-04 22:34:06 INFO: concept II model D: 0 items in API response
2022-07-04 22:34:07 INFO: concept II model E: 0 items in API response
2022-07-04 22:34:07 INFO: -1001797708509: Checked for new listings
2022-07-04 22:35:04 INFO: concept 2: 100 items in API response
2022-07-04 22:35:04 INFO: concept 2 model C: 10 items in API response
2022-07-04 22:35:04 INFO: concept 2 model D: 22 items in API response
2022-07-04 22:35:05 INFO: concept 2 model E: 12 items in API response
2022-07-04 22:35:05 INFO: concept II: 10 items in API response
2022-07-04 22:35:06 INFO: concept II model C: 1 items in API response
2022-07-04 22:35:06 INFO: concept II model D: 0 items in API response
2022-07-04 22:35:06 INFO: concept II model E: 0 items in API response
2022-07-04 22:35:06 INFO: -1001797708509: Checked for new listings
2022-07-04 22:36:03 INFO: concept 2: 100 items in API response
2022-07-04 22:36:04 INFO: concept 2 model C: 10 items in API response
2022-07-04 22:36:04 INFO: concept 2 model D: 22 items in API response
2022-07-04 22:36:05 INFO: concept 2 model E: 12 items in API response
2022-07-04 22:36:05 INFO: concept II: 10 items in API response
2022-07-04 22:36:06 INFO: concept II model C: 1 items in API response
2022-07-04 22:36:06 INFO: concept II model D: 0 items in API response
2022-07-04 22:36:07 INFO: concept II model E: 0 items in API response
2022-07-04 22:36:07 INFO: -1001797708509: Checked for new listings
2022-07-04 22:37:04 INFO: concept 2: 100 items in API response
2022-07-04 22:37:04 INFO: concept 2 model C: 10 items in API response
2022-07-04 22:37:05 INFO: concept 2 model D: 22 items in API response
2022-07-04 22:37:05 INFO: concept 2 model E: 12 items in API response
2022-07-04 22:37:06 INFO: concept II: 10 items in API response
2022-07-04 22:37:06 INFO: concept II model C: 1 items in API response
2022-07-04 22:37:06 INFO: concept II model D: 0 items in API response
2022-07-04 22:37:07 INFO: concept II model E: 0 items in API response
2022-07-04 22:37:07 INFO: -1001797708509: Checked for new listings
2022-07-04 22:38:04 INFO: concept 2: 100 items in API response
2022-07-04 22:38:04 INFO: concept 2 model C: 10 items in API response
2022-07-04 22:38:05 INFO: concept 2 model D: 22 items in API response
2022-07-04 22:38:05 INFO: concept 2 model E: 12 items in API response
2022-07-04 22:38:06 INFO: concept II: 10 items in API response
2022-07-04 22:38:06 INFO: concept II model C: 1 items in API response
2022-07-04 22:38:07 INFO: concept II model D: 0 items in API response
2022-07-04 22:38:07 INFO: concept II model E: 0 items in API response
2022-07-04 22:38:07 INFO: -1001797708509: Checked for new listings
2022-07-04 22:39:04 INFO: concept 2: 100 items in API response
2022-07-04 22:39:04 INFO: concept 2 model C: 10 items in API response
2022-07-04 22:39:05 INFO: concept 2 model D: 22 items in API response
2022-07-04 22:39:05 INFO: concept 2 model E: 12 items in API response
2022-07-04 22:39:06 INFO: concept II: 10 items in API response
2022-07-04 22:39:06 INFO: concept II model C: 1 items in API response
2022-07-04 22:39:06 INFO: concept II model D: 0 items in API response
2022-07-04 22:39:06 INFO: concept II model E: 0 items in API response
2022-07-04 22:39:06 INFO: -1001797708509: Checked for new listings
2022-07-04 22:40:04 INFO: concept 2: 100 items in API response
2022-07-04 22:40:04 INFO: concept 2 model C: 10 items in API response
2022-07-04 22:40:05 INFO: concept 2 model D: 22 items in API response
2022-07-04 22:40:05 INFO: concept 2 model E: 12 items in API response
2022-07-04 22:40:06 INFO: concept II: 10 items in API response
2022-07-04 22:40:06 INFO: concept II model C: 1 items in API response
2022-07-04 22:40:06 INFO: concept II model D: 0 items in API response
2022-07-04 22:40:06 INFO: concept II model E: 0 items in API response
2022-07-04 22:40:07 INFO: -1001797708509: Checked for new listings
2022-07-04 22:41:04 INFO: concept 2: 100 items in API response
2022-07-04 22:41:04 INFO: concept 2 model C: 10 items in API response
2022-07-04 22:41:05 INFO: concept 2 model D: 22 items in API response
2022-07-04 22:41:05 INFO: concept 2 model E: 12 items in API response
2022-07-04 22:41:06 INFO: concept II: 10 items in API response
2022-07-04 22:41:06 INFO: concept II model C: 1 items in API response
2022-07-04 22:41:06 INFO: concept II model D: 0 items in API response
2022-07-04 22:41:06 INFO: concept II model E: 0 items in API response
2022-07-04 22:41:06 INFO: -1001797708509: Checked for new listings
2022-07-04 22:42:04 INFO: concept 2: 100 items in API response
2022-07-04 22:42:04 INFO: concept 2 model C: 10 items in API response
2022-07-04 22:42:04 INFO: concept 2 model D: 22 items in API response
2022-07-04 22:42:05 INFO: concept 2 model E: 12 items in API response
2022-07-04 22:42:05 INFO: concept II: 10 items in API response
2022-07-04 22:42:05 INFO: concept II model C: 1 items in API response
2022-07-04 22:42:06 INFO: concept II model D: 0 items in API response
2022-07-04 22:42:06 INFO: concept II model E: 0 items in API response
2022-07-04 22:42:06 INFO: -1001797708509: Checked for new listings
2022-07-04 22:43:04 INFO: concept 2: 100 items in API response
2022-07-04 22:43:04 INFO: concept 2 model C: 10 items in API response
2022-07-04 22:43:05 INFO: concept 2 model D: 22 items in API response
2022-07-04 22:43:06 INFO: concept 2 model E: 12 items in API response
2022-07-04 22:43:06 INFO: concept II: 10 items in API response
2022-07-04 22:43:07 INFO: concept II model C: 1 items in API response
2022-07-04 22:43:07 INFO: concept II model D: 0 items in API response
2022-07-04 22:43:07 INFO: concept II model E: 0 items in API response
2022-07-04 22:43:07 INFO: -1001797708509: Checked for new listings
2022-07-04 22:44:03 INFO: concept 2: 100 items in API response
2022-07-04 22:44:04 INFO: concept 2 model C: 10 items in API response
2022-07-04 22:44:05 INFO: concept 2 model D: 22 items in API response
2022-07-04 22:44:05 INFO: concept 2 model E: 12 items in API response
2022-07-04 22:44:05 INFO: concept II: 10 items in API response
2022-07-04 22:44:06 INFO: concept II model C: 1 items in API response
2022-07-04 22:44:06 INFO: concept II model D: 0 items in API response
2022-07-04 22:44:06 INFO: concept II model E: 0 items in API response
2022-07-04 22:44:06 INFO: -1001797708509: Checked for new listings
2022-07-04 22:45:04 INFO: concept 2: 100 items in API response
2022-07-04 22:45:04 INFO: concept 2 model C: 10 items in API response
2022-07-04 22:45:05 INFO: concept 2 model D: 22 items in API response
2022-07-04 22:45:05 INFO: concept 2 model E: 12 items in API response
2022-07-04 22:45:05 INFO: concept II: 10 items in API response
2022-07-04 22:45:06 INFO: concept II model C: 1 items in API response
2022-07-04 22:45:06 INFO: concept II model D: 0 items in API response
2022-07-04 22:45:06 INFO: concept II model E: 0 items in API response
2022-07-04 22:45:06 INFO: -1001797708509: Checked for new listings
2022-07-04 22:46:04 INFO: concept 2: 100 items in API response
2022-07-04 22:46:05 INFO: concept 2 model C: 10 items in API response
2022-07-04 22:46:05 INFO: concept 2 model D: 22 items in API response
2022-07-04 22:46:06 INFO: concept 2 model E: 12 items in API response
2022-07-04 22:46:06 INFO: concept II: 10 items in API response
2022-07-04 22:46:06 INFO: concept II model C: 1 items in API response
2022-07-04 22:46:06 INFO: concept II model D: 0 items in API response
2022-07-04 22:46:07 INFO: concept II model E: 0 items in API response
2022-07-04 22:46:07 INFO: -1001797708509: Checked for new listings
2022-07-04 22:47:04 INFO: concept 2: 100 items in API response
2022-07-04 22:47:05 INFO: concept 2 model C: 10 items in API response
2022-07-04 22:47:05 INFO: concept 2 model D: 22 items in API response
2022-07-04 22:47:05 INFO: concept 2 model E: 12 items in API response
2022-07-04 22:47:06 INFO: concept II: 10 items in API response
2022-07-04 22:47:06 INFO: concept II model C: 1 items in API response
2022-07-04 22:47:06 INFO: concept II model D: 0 items in API response
2022-07-04 22:47:07 INFO: concept II model E: 0 items in API response
2022-07-04 22:47:07 INFO: -1001797708509: Checked for new listings
2022-07-04 22:48:04 INFO: concept 2: 100 items in API response
2022-07-04 22:48:04 INFO: concept 2 model C: 10 items in API response
2022-07-04 22:48:05 INFO: concept 2 model D: 22 items in API response
2022-07-04 22:48:05 INFO: concept 2 model E: 12 items in API response
2022-07-04 22:48:05 INFO: concept II: 10 items in API response
2022-07-04 22:48:06 INFO: concept II model C: 1 items in API response
2022-07-04 22:48:06 INFO: concept II model D: 0 items in API response
2022-07-04 22:48:07 INFO: concept II model E: 0 items in API response
2022-07-04 22:48:07 INFO: -1001797708509: Checked for new listings
2022-07-04 22:49:09 INFO: concept 2: 100 items in API response
2022-07-04 22:49:10 INFO: concept 2 model C: 10 items in API response
2022-07-04 22:49:10 INFO: concept 2 model D: 22 items in API response
2022-07-04 22:49:11 INFO: concept 2 model E: 12 items in API response
2022-07-04 22:49:11 INFO: concept II: 10 items in API response
2022-07-04 22:49:12 INFO: concept II model C: 1 items in API response
2022-07-04 22:49:12 INFO: concept II model D: 0 items in API response
2022-07-04 22:49:12 INFO: concept II model E: 0 items in API response
2022-07-04 22:49:12 INFO: -1001797708509: Checked for new listings
2022-07-04 22:50:04 INFO: concept 2: 100 items in API response
2022-07-04 22:50:05 INFO: concept 2 model C: 10 items in API response
2022-07-04 22:50:05 INFO: concept 2 model D: 22 items in API response
2022-07-04 22:50:06 INFO: concept 2 model E: 12 items in API response
2022-07-04 22:50:06 INFO: concept II: 10 items in API response
2022-07-04 22:50:06 INFO: concept II model C: 1 items in API response
2022-07-04 22:50:07 INFO: concept II model D: 0 items in API response
2022-07-04 22:50:07 INFO: concept II model E: 0 items in API response
2022-07-04 22:50:07 INFO: -1001797708509: Checked for new listings
2022-07-04 22:51:05 INFO: concept 2: 100 items in API response
2022-07-04 22:51:05 INFO: concept 2 model C: 10 items in API response
2022-07-04 22:51:05 INFO: concept 2 model D: 22 items in API response
2022-07-04 22:51:06 INFO: concept 2 model E: 12 items in API response
2022-07-04 22:51:06 INFO: concept II: 10 items in API response
2022-07-04 22:51:06 INFO: concept II model C: 1 items in API response
2022-07-04 22:51:07 INFO: concept II model D: 0 items in API response
2022-07-04 22:51:07 INFO: concept II model E: 0 items in API response
2022-07-04 22:51:07 INFO: -1001797708509: Checked for new listings
2022-07-04 22:52:04 INFO: concept 2: 100 items in API response
2022-07-04 22:52:05 INFO: concept 2 model C: 10 items in API response
2022-07-04 22:52:05 INFO: concept 2 model D: 22 items in API response
2022-07-04 22:52:06 INFO: concept 2 model E: 12 items in API response
2022-07-04 22:52:06 INFO: concept II: 10 items in API response
2022-07-04 22:52:06 INFO: concept II model C: 1 items in API response
2022-07-04 22:52:07 INFO: concept II model D: 0 items in API response
2022-07-04 22:52:07 INFO: concept II model E: 0 items in API response
2022-07-04 22:52:07 INFO: -1001797708509: Checked for new listings
2022-07-04 22:53:04 INFO: concept 2: 100 items in API response
2022-07-04 22:53:05 INFO: concept 2 model C: 10 items in API response
2022-07-04 22:53:05 INFO: concept 2 model D: 22 items in API response
2022-07-04 22:53:05 INFO: concept 2 model E: 12 items in API response
2022-07-04 22:53:06 INFO: concept II: 10 items in API response
2022-07-04 22:53:06 INFO: concept II model C: 1 items in API response
2022-07-04 22:53:06 INFO: concept II model D: 0 items in API response
2022-07-04 22:53:06 INFO: concept II model E: 0 items in API response
2022-07-04 22:53:07 INFO: -1001797708509: Checked for new listings
2022-07-04 22:54:04 INFO: concept 2: 100 items in API response
2022-07-04 22:54:04 INFO: concept 2 model C: 10 items in API response
2022-07-04 22:54:05 INFO: concept 2 model D: 22 items in API response
2022-07-04 22:54:05 INFO: concept 2 model E: 12 items in API response
2022-07-04 22:54:06 INFO: concept II: 10 items in API response
2022-07-04 22:54:06 INFO: concept II model C: 1 items in API response
2022-07-04 22:54:06 INFO: concept II model D: 0 items in API response
2022-07-04 22:54:07 INFO: concept II model E: 0 items in API response
2022-07-04 22:54:07 INFO: -1001797708509: Checked for new listings
2022-07-04 22:55:04 INFO: concept 2: 100 items in API response
2022-07-04 22:55:05 INFO: concept 2 model C: 10 items in API response
2022-07-04 22:55:05 INFO: concept 2 model D: 22 items in API response
2022-07-04 22:55:05 INFO: concept 2 model E: 12 items in API response
2022-07-04 22:55:06 INFO: concept II: 10 items in API response
2022-07-04 22:55:06 INFO: concept II model C: 1 items in API response
2022-07-04 22:55:06 INFO: concept II model D: 0 items in API response
2022-07-04 22:55:07 INFO: concept II model E: 0 items in API response
2022-07-04 22:55:07 INFO: -1001797708509: Checked for new listings
2022-07-04 22:56:04 INFO: concept 2: 100 items in API response
2022-07-04 22:56:04 INFO: concept 2 model C: 10 items in API response
2022-07-04 22:56:05 INFO: concept 2 model D: 22 items in API response
2022-07-04 22:56:05 INFO: concept 2 model E: 12 items in API response
2022-07-04 22:56:06 INFO: concept II: 10 items in API response
2022-07-04 22:56:06 INFO: concept II model C: 1 items in API response
2022-07-04 22:56:07 INFO: concept II model D: 0 items in API response
2022-07-04 22:56:07 INFO: concept II model E: 0 items in API response
2022-07-04 22:56:07 INFO: -1001797708509: Checked for new listings
2022-07-04 22:57:04 INFO: concept 2: 100 items in API response
2022-07-04 22:57:04 INFO: concept 2 model C: 10 items in API response
2022-07-04 22:57:05 INFO: concept 2 model D: 22 items in API response
2022-07-04 22:57:05 INFO: concept 2 model E: 12 items in API response
2022-07-04 22:57:06 INFO: concept II: 10 items in API response
2022-07-04 22:57:06 INFO: concept II model C: 1 items in API response
2022-07-04 22:57:06 INFO: concept II model D: 0 items in API response
2022-07-04 22:57:06 INFO: concept II model E: 0 items in API response
2022-07-04 22:57:06 INFO: -1001797708509: Checked for new listings
2022-07-04 22:58:04 INFO: concept 2: 100 items in API response
2022-07-04 22:58:04 INFO: concept 2 model C: 10 items in API response
2022-07-04 22:58:04 INFO: concept 2 model D: 22 items in API response
2022-07-04 22:58:05 INFO: concept 2 model E: 12 items in API response
2022-07-04 22:58:05 INFO: concept II: 10 items in API response
2022-07-04 22:58:06 INFO: concept II model C: 1 items in API response
2022-07-04 22:58:06 INFO: concept II model D: 0 items in API response
2022-07-04 22:58:06 INFO: concept II model E: 0 items in API response
2022-07-04 22:58:06 INFO: -1001797708509: Checked for new listings
2022-07-04 22:59:04 INFO: concept 2: 100 items in API response
2022-07-04 22:59:04 INFO: concept 2 model C: 10 items in API response
2022-07-04 22:59:05 INFO: concept 2 model D: 22 items in API response
2022-07-04 22:59:05 INFO: concept 2 model E: 12 items in API response
2022-07-04 22:59:05 INFO: concept II: 10 items in API response
2022-07-04 22:59:05 INFO: concept II model C: 1 items in API response
2022-07-04 22:59:06 INFO: concept II model D: 0 items in API response
2022-07-04 22:59:06 INFO: concept II model E: 0 items in API response
2022-07-04 22:59:06 INFO: -1001797708509: Checked for new listings
2022-07-04 23:00:04 INFO: concept 2: 100 items in API response
2022-07-04 23:00:05 INFO: concept 2 model C: 10 items in API response
2022-07-04 23:00:05 INFO: concept 2 model D: 22 items in API response
2022-07-04 23:00:09 INFO: concept 2 model E: 12 items in API response
2022-07-04 23:00:11 INFO: concept II: 10 items in API response
2022-07-04 23:00:11 INFO: concept II model C: 1 items in API response
2022-07-04 23:00:12 INFO: concept II model D: 0 items in API response
2022-07-04 23:00:12 INFO: concept II model E: 0 items in API response
2022-07-04 23:00:12 INFO: -1001797708509: Checked for new listings
2022-07-04 23:01:04 INFO: concept 2: 100 items in API response
2022-07-04 23:01:04 INFO: concept 2 model C: 10 items in API response
2022-07-04 23:01:05 INFO: concept 2 model D: 22 items in API response
2022-07-04 23:01:05 INFO: concept 2 model E: 12 items in API response
2022-07-04 23:01:06 INFO: concept II: 10 items in API response
2022-07-04 23:01:06 INFO: concept II model C: 1 items in API response
2022-07-04 23:01:06 INFO: concept II model D: 0 items in API response
2022-07-04 23:01:06 INFO: concept II model E: 0 items in API response
2022-07-04 23:01:07 INFO: -1001797708509: Checked for new listings
2022-07-04 23:02:04 INFO: concept 2: 100 items in API response
2022-07-04 23:02:04 INFO: concept 2 model C: 10 items in API response
2022-07-04 23:02:05 INFO: concept 2 model D: 22 items in API response
2022-07-04 23:02:05 INFO: concept 2 model E: 12 items in API response
2022-07-04 23:02:05 INFO: concept II: 10 items in API response
2022-07-04 23:02:06 INFO: concept II model C: 1 items in API response
2022-07-04 23:02:06 INFO: concept II model D: 0 items in API response
2022-07-04 23:02:06 INFO: concept II model E: 0 items in API response
2022-07-04 23:02:06 INFO: -1001797708509: Checked for new listings
2022-07-04 23:03:03 INFO: concept 2: 100 items in API response
2022-07-04 23:03:04 INFO: concept 2 model C: 10 items in API response
2022-07-04 23:03:04 INFO: concept 2 model D: 22 items in API response
2022-07-04 23:03:05 INFO: concept 2 model E: 12 items in API response
2022-07-04 23:03:05 INFO: concept II: 10 items in API response
2022-07-04 23:03:05 INFO: concept II model C: 1 items in API response
2022-07-04 23:03:06 INFO: concept II model D: 0 items in API response
2022-07-04 23:03:06 INFO: concept II model E: 0 items in API response
2022-07-04 23:03:06 INFO: -1001797708509: Checked for new listings
2022-07-04 23:04:04 INFO: concept 2: 100 items in API response
2022-07-04 23:04:05 INFO: concept 2 model C: 10 items in API response
2022-07-04 23:04:05 INFO: concept 2 model D: 22 items in API response
2022-07-04 23:04:06 INFO: concept 2 model E: 12 items in API response
2022-07-04 23:04:06 INFO: concept II: 10 items in API response
2022-07-04 23:04:07 INFO: concept II model C: 1 items in API response
2022-07-04 23:04:07 INFO: concept II model D: 0 items in API response
2022-07-04 23:04:07 INFO: concept II model E: 0 items in API response
2022-07-04 23:04:07 INFO: -1001797708509: Checked for new listings
2022-07-04 23:05:05 INFO: concept 2: 100 items in API response
2022-07-04 23:05:05 INFO: concept 2 model C: 10 items in API response
2022-07-04 23:05:06 INFO: concept 2 model D: 22 items in API response
2022-07-04 23:05:06 INFO: concept 2 model E: 12 items in API response
2022-07-04 23:05:06 INFO: concept II: 10 items in API response
2022-07-04 23:05:07 INFO: concept II model C: 1 items in API response
2022-07-04 23:05:07 INFO: concept II model D: 0 items in API response
2022-07-04 23:05:07 INFO: concept II model E: 0 items in API response
2022-07-04 23:05:07 INFO: -1001797708509: Checked for new listings
2022-07-04 23:06:04 INFO: concept 2: 100 items in API response
2022-07-04 23:06:05 INFO: concept 2 model C: 10 items in API response
2022-07-04 23:06:05 INFO: concept 2 model D: 22 items in API response
2022-07-04 23:06:05 INFO: concept 2 model E: 12 items in API response
2022-07-04 23:06:06 INFO: concept II: 10 items in API response
2022-07-04 23:06:06 INFO: concept II model C: 1 items in API response
2022-07-04 23:06:06 INFO: concept II model D: 0 items in API response
2022-07-04 23:06:06 INFO: concept II model E: 0 items in API response
2022-07-04 23:06:07 INFO: -1001797708509: Checked for new listings
2022-07-04 23:07:04 INFO: concept 2: 100 items in API response
2022-07-04 23:07:04 INFO: concept 2 model C: 10 items in API response
2022-07-04 23:07:05 INFO: concept 2 model D: 22 items in API response
2022-07-04 23:07:05 INFO: concept 2 model E: 12 items in API response
2022-07-04 23:07:05 INFO: concept II: 10 items in API response
2022-07-04 23:07:06 INFO: concept II model C: 1 items in API response
2022-07-04 23:07:06 INFO: concept II model D: 0 items in API response
2022-07-04 23:07:06 INFO: concept II model E: 0 items in API response
2022-07-04 23:07:06 INFO: -1001797708509: Checked for new listings
2022-07-04 23:08:04 INFO: concept 2: 100 items in API response
2022-07-04 23:08:05 INFO: concept 2 model C: 10 items in API response
2022-07-04 23:08:05 INFO: concept 2 model D: 22 items in API response
2022-07-04 23:08:05 INFO: concept 2 model E: 12 items in API response
2022-07-04 23:08:06 INFO: concept II: 10 items in API response
2022-07-04 23:08:06 INFO: concept II model C: 1 items in API response
2022-07-04 23:08:06 INFO: concept II model D: 0 items in API response
2022-07-04 23:08:07 INFO: concept II model E: 0 items in API response
2022-07-04 23:08:07 INFO: -1001797708509: Checked for new listings
2022-07-04 23:09:04 INFO: concept 2: 100 items in API response
2022-07-04 23:09:04 INFO: concept 2 model C: 10 items in API response
2022-07-04 23:09:05 INFO: concept 2 model D: 22 items in API response
2022-07-04 23:09:05 INFO: concept 2 model E: 12 items in API response
2022-07-04 23:09:06 INFO: concept II: 10 items in API response
2022-07-04 23:09:06 INFO: concept II model C: 1 items in API response
2022-07-04 23:09:06 INFO: concept II model D: 0 items in API response
2022-07-04 23:09:06 INFO: concept II model E: 0 items in API response
2022-07-04 23:09:06 INFO: -1001797708509: Checked for new listings
2022-07-04 23:10:04 INFO: concept 2: 100 items in API response
2022-07-04 23:10:04 INFO: concept 2 model C: 10 items in API response
2022-07-04 23:10:04 INFO: concept 2 model D: 22 items in API response
2022-07-04 23:10:06 INFO: concept 2 model E: 12 items in API response
2022-07-04 23:10:06 INFO: concept II: 10 items in API response
2022-07-04 23:10:06 INFO: concept II model C: 1 items in API response
2022-07-04 23:10:07 INFO: concept II model D: 0 items in API response
2022-07-04 23:10:07 INFO: concept II model E: 0 items in API response
2022-07-04 23:10:07 INFO: -1001797708509: Checked for new listings
2022-07-04 23:11:04 INFO: concept 2: 100 items in API response
2022-07-04 23:11:05 INFO: concept 2 model C: 10 items in API response
2022-07-04 23:11:05 INFO: concept 2 model D: 22 items in API response
2022-07-04 23:11:05 INFO: concept 2 model E: 12 items in API response
2022-07-04 23:11:06 INFO: concept II: 10 items in API response
2022-07-04 23:11:06 INFO: concept II model C: 1 items in API response
2022-07-04 23:11:09 INFO: concept II model D: 0 items in API response
2022-07-04 23:11:09 INFO: concept II model E: 0 items in API response
2022-07-04 23:11:10 INFO: -1001797708509: Checked for new listings
2022-07-04 23:12:04 INFO: concept 2: 100 items in API response
2022-07-04 23:12:04 INFO: concept 2 model C: 10 items in API response
2022-07-04 23:12:05 INFO: concept 2 model D: 22 items in API response
2022-07-04 23:12:05 INFO: concept 2 model E: 12 items in API response
2022-07-04 23:12:05 INFO: concept II: 10 items in API response
2022-07-04 23:12:06 INFO: concept II model C: 1 items in API response
2022-07-04 23:12:06 INFO: concept II model D: 0 items in API response
2022-07-04 23:12:06 INFO: concept II model E: 0 items in API response
2022-07-04 23:12:06 INFO: -1001797708509: Checked for new listings
2022-07-04 23:13:04 INFO: concept 2: 100 items in API response
2022-07-04 23:13:04 INFO: concept 2 model C: 10 items in API response
2022-07-04 23:13:04 INFO: concept 2 model D: 22 items in API response
2022-07-04 23:13:05 INFO: concept 2 model E: 12 items in API response
2022-07-04 23:13:05 INFO: concept II: 10 items in API response
2022-07-04 23:13:05 INFO: concept II model C: 1 items in API response
2022-07-04 23:13:06 INFO: concept II model D: 0 items in API response
2022-07-04 23:13:06 INFO: concept II model E: 0 items in API response
2022-07-04 23:13:06 INFO: -1001797708509: Checked for new listings
2022-07-04 23:14:04 INFO: concept 2: 100 items in API response
2022-07-04 23:14:05 INFO: concept 2 model C: 10 items in API response
2022-07-04 23:14:05 INFO: concept 2 model D: 22 items in API response
2022-07-04 23:14:05 INFO: concept 2 model E: 12 items in API response
2022-07-04 23:14:06 INFO: concept II: 10 items in API response
2022-07-04 23:14:06 INFO: concept II model C: 1 items in API response
2022-07-04 23:14:06 INFO: concept II model D: 0 items in API response
2022-07-04 23:14:07 INFO: concept II model E: 0 items in API response
2022-07-04 23:14:07 INFO: -1001797708509: Checked for new listings
2022-07-04 23:15:04 INFO: concept 2: 100 items in API response
2022-07-04 23:15:05 INFO: concept 2 model C: 10 items in API response
2022-07-04 23:15:05 INFO: concept 2 model D: 22 items in API response
2022-07-04 23:15:05 INFO: concept 2 model E: 12 items in API response
2022-07-04 23:15:08 INFO: concept II: 10 items in API response
2022-07-04 23:15:09 INFO: concept II model C: 1 items in API response
2022-07-04 23:15:09 INFO: concept II model D: 0 items in API response
2022-07-04 23:15:12 INFO: concept II model E: 0 items in API response
2022-07-04 23:15:12 INFO: -1001797708509: Checked for new listings
2022-07-04 23:16:04 INFO: concept 2: 100 items in API response
2022-07-04 23:16:05 INFO: concept 2 model C: 10 items in API response
2022-07-04 23:16:05 INFO: concept 2 model D: 22 items in API response
2022-07-04 23:16:11 INFO: concept 2 model E: 12 items in API response
2022-07-04 23:16:11 INFO: concept II: 10 items in API response
2022-07-04 23:16:12 INFO: concept II model C: 1 items in API response
2022-07-04 23:16:12 INFO: concept II model D: 0 items in API response
2022-07-04 23:16:12 INFO: concept II model E: 0 items in API response
2022-07-04 23:16:12 INFO: -1001797708509: Checked for new listings
2022-07-04 23:17:04 INFO: concept 2: 100 items in API response
2022-07-04 23:17:05 INFO: concept 2 model C: 10 items in API response
2022-07-04 23:17:05 INFO: concept 2 model D: 22 items in API response
2022-07-04 23:17:05 INFO: concept 2 model E: 12 items in API response
2022-07-04 23:17:06 INFO: concept II: 10 items in API response
2022-07-04 23:17:06 INFO: concept II model C: 1 items in API response
2022-07-04 23:17:06 INFO: concept II model D: 0 items in API response
2022-07-04 23:17:07 INFO: concept II model E: 0 items in API response
2022-07-04 23:17:07 INFO: -1001797708509: Checked for new listings
2022-07-04 23:18:04 INFO: concept 2: 100 items in API response
2022-07-04 23:18:05 INFO: concept 2 model C: 10 items in API response
2022-07-04 23:18:05 INFO: concept 2 model D: 22 items in API response
2022-07-04 23:18:09 INFO: concept 2 model E: 12 items in API response
2022-07-04 23:18:10 INFO: concept II: 10 items in API response
2022-07-04 23:18:10 INFO: concept II model C: 1 items in API response
2022-07-04 23:18:11 INFO: concept II model D: 0 items in API response
2022-07-04 23:18:11 INFO: concept II model E: 0 items in API response
2022-07-04 23:18:11 INFO: -1001797708509: Checked for new listings
2022-07-04 23:19:03 INFO: concept 2: 100 items in API response
2022-07-04 23:19:04 INFO: concept 2 model C: 10 items in API response
2022-07-04 23:19:04 INFO: concept 2 model D: 22 items in API response
2022-07-04 23:19:04 INFO: concept 2 model E: 12 items in API response
2022-07-04 23:19:05 INFO: concept II: 10 items in API response
2022-07-04 23:19:05 INFO: concept II model C: 1 items in API response
2022-07-04 23:19:05 INFO: concept II model D: 0 items in API response
2022-07-04 23:19:06 INFO: concept II model E: 0 items in API response
2022-07-04 23:19:06 INFO: -1001797708509: Checked for new listings
2022-07-04 23:20:04 INFO: concept 2: 100 items in API response
2022-07-04 23:20:04 INFO: concept 2 model C: 10 items in API response
2022-07-04 23:20:05 INFO: concept 2 model D: 22 items in API response
2022-07-04 23:20:05 INFO: concept 2 model E: 12 items in API response
2022-07-04 23:20:05 INFO: concept II: 10 items in API response
2022-07-04 23:20:09 INFO: concept II model C: 1 items in API response
2022-07-04 23:20:09 INFO: concept II model D: 0 items in API response
2022-07-04 23:20:10 INFO: concept II model E: 0 items in API response
2022-07-04 23:20:10 INFO: -1001797708509: Checked for new listings
2022-07-04 23:21:04 INFO: concept 2: 100 items in API response
2022-07-04 23:21:04 INFO: concept 2 model C: 10 items in API response
2022-07-04 23:21:04 INFO: concept 2 model D: 22 items in API response
2022-07-04 23:21:05 INFO: concept 2 model E: 12 items in API response
2022-07-04 23:21:05 INFO: concept II: 10 items in API response
2022-07-04 23:21:06 INFO: concept II model C: 1 items in API response
2022-07-04 23:21:06 INFO: concept II model D: 0 items in API response
2022-07-04 23:21:06 INFO: concept II model E: 0 items in API response
2022-07-04 23:21:06 INFO: -1001797708509: Checked for new listings
2022-07-04 23:22:04 INFO: concept 2: 100 items in API response
2022-07-04 23:22:05 INFO: concept 2 model C: 10 items in API response
2022-07-04 23:22:05 INFO: concept 2 model D: 22 items in API response
2022-07-04 23:22:05 INFO: concept 2 model E: 12 items in API response
2022-07-04 23:22:06 INFO: concept II: 10 items in API response
2022-07-04 23:22:06 INFO: concept II model C: 1 items in API response
2022-07-04 23:22:06 INFO: concept II model D: 0 items in API response
2022-07-04 23:22:06 INFO: concept II model E: 0 items in API response
2022-07-04 23:22:06 INFO: -1001797708509: Checked for new listings
2022-07-04 23:23:04 INFO: concept 2: 100 items in API response
2022-07-04 23:23:04 INFO: concept 2 model C: 10 items in API response
2022-07-04 23:23:08 INFO: concept 2 model D: 22 items in API response
2022-07-04 23:23:09 INFO: concept 2 model E: 12 items in API response
2022-07-04 23:23:10 INFO: concept II: 10 items in API response
2022-07-04 23:23:10 INFO: concept II model C: 1 items in API response
2022-07-04 23:23:11 INFO: concept II model D: 0 items in API response
2022-07-04 23:23:11 INFO: concept II model E: 0 items in API response
2022-07-04 23:23:11 INFO: -1001797708509: Checked for new listings
2022-07-04 23:24:04 INFO: concept 2: 100 items in API response
2022-07-04 23:24:05 INFO: concept 2 model C: 10 items in API response
2022-07-04 23:24:05 INFO: concept 2 model D: 22 items in API response
2022-07-04 23:24:05 INFO: concept 2 model E: 12 items in API response
2022-07-04 23:24:06 INFO: concept II: 10 items in API response
2022-07-04 23:24:06 INFO: concept II model C: 1 items in API response
2022-07-04 23:24:06 INFO: concept II model D: 0 items in API response
2022-07-04 23:24:06 INFO: concept II model E: 0 items in API response
2022-07-04 23:24:06 INFO: -1001797708509: Checked for new listings
2022-07-04 23:25:04 INFO: concept 2: 100 items in API response
2022-07-04 23:25:05 INFO: concept 2 model C: 10 items in API response
2022-07-04 23:25:05 INFO: concept 2 model D: 22 items in API response
2022-07-04 23:25:06 INFO: concept 2 model E: 12 items in API response
2022-07-04 23:25:06 INFO: concept II: 10 items in API response
2022-07-04 23:25:06 INFO: concept II model C: 1 items in API response
2022-07-04 23:25:06 INFO: concept II model D: 0 items in API response
2022-07-04 23:25:07 INFO: concept II model E: 0 items in API response
2022-07-04 23:25:07 INFO: -1001797708509: Checked for new listings
2022-07-04 23:26:04 INFO: concept 2: 100 items in API response
2022-07-04 23:26:05 INFO: concept 2 model C: 10 items in API response
2022-07-04 23:26:05 INFO: concept 2 model D: 22 items in API response
2022-07-04 23:26:05 INFO: concept 2 model E: 12 items in API response
2022-07-04 23:26:06 INFO: concept II: 10 items in API response
2022-07-04 23:26:06 INFO: concept II model C: 1 items in API response
2022-07-04 23:26:06 INFO: concept II model D: 0 items in API response
2022-07-04 23:26:06 INFO: concept II model E: 0 items in API response
2022-07-04 23:26:06 INFO: -1001797708509: Checked for new listings
2022-07-04 23:27:04 INFO: concept 2: 100 items in API response
2022-07-04 23:27:04 INFO: concept 2 model C: 10 items in API response
2022-07-04 23:27:04 INFO: concept 2 model D: 22 items in API response
2022-07-04 23:27:05 INFO: concept 2 model E: 12 items in API response
2022-07-04 23:27:05 INFO: concept II: 10 items in API response
2022-07-04 23:27:05 INFO: concept II model C: 1 items in API response
2022-07-04 23:27:06 INFO: concept II model D: 0 items in API response
2022-07-04 23:27:06 INFO: concept II model E: 0 items in API response
2022-07-04 23:27:06 INFO: -1001797708509: Checked for new listings
2022-07-04 23:28:04 INFO: concept 2: 100 items in API response
2022-07-04 23:28:05 INFO: concept 2 model C: 10 items in API response
2022-07-04 23:28:05 INFO: concept 2 model D: 22 items in API response
2022-07-04 23:28:06 INFO: concept 2 model E: 12 items in API response
2022-07-04 23:28:06 INFO: concept II: 10 items in API response
2022-07-04 23:28:06 INFO: concept II model C: 1 items in API response
2022-07-04 23:28:06 INFO: concept II model D: 0 items in API response
2022-07-04 23:28:07 INFO: concept II model E: 0 items in API response
2022-07-04 23:28:07 INFO: -1001797708509: Checked for new listings
2022-07-04 23:29:04 INFO: concept 2: 100 items in API response
2022-07-04 23:29:04 INFO: concept 2 model C: 10 items in API response
2022-07-04 23:29:05 INFO: concept 2 model D: 22 items in API response
2022-07-04 23:29:05 INFO: concept 2 model E: 12 items in API response
2022-07-04 23:29:05 INFO: concept II: 10 items in API response
2022-07-04 23:29:06 INFO: concept II model C: 1 items in API response
2022-07-04 23:29:06 INFO: concept II model D: 0 items in API response
2022-07-04 23:29:06 INFO: concept II model E: 0 items in API response
2022-07-04 23:29:06 INFO: -1001797708509: Checked for new listings
2022-07-04 23:30:04 INFO: concept 2: 100 items in API response
2022-07-04 23:30:05 INFO: concept 2 model C: 10 items in API response
2022-07-04 23:30:05 INFO: concept 2 model D: 22 items in API response
2022-07-04 23:30:07 INFO: concept 2 model E: 12 items in API response
2022-07-04 23:30:08 INFO: concept II: 10 items in API response
2022-07-04 23:30:08 INFO: concept II model C: 1 items in API response
2022-07-04 23:30:09 INFO: concept II model D: 0 items in API response
2022-07-04 23:30:09 INFO: concept II model E: 0 items in API response
2022-07-04 23:30:09 INFO: -1001797708509: Checked for new listings
2022-07-04 23:31:04 INFO: concept 2: 100 items in API response
2022-07-04 23:31:05 INFO: concept 2 model C: 10 items in API response
2022-07-04 23:31:05 INFO: concept 2 model D: 22 items in API response
2022-07-04 23:31:05 INFO: concept 2 model E: 12 items in API response
2022-07-04 23:31:05 INFO: concept II: 10 items in API response
2022-07-04 23:31:06 INFO: concept II model C: 1 items in API response
2022-07-04 23:31:06 INFO: concept II model D: 0 items in API response
2022-07-04 23:31:06 INFO: concept II model E: 0 items in API response
2022-07-04 23:31:06 INFO: -1001797708509: Checked for new listings
2022-07-04 23:32:03 INFO: concept 2: 100 items in API response
2022-07-04 23:32:04 INFO: concept 2 model C: 10 items in API response
2022-07-04 23:32:04 INFO: concept 2 model D: 22 items in API response
2022-07-04 23:32:05 INFO: concept 2 model E: 12 items in API response
2022-07-04 23:32:05 INFO: concept II: 10 items in API response
2022-07-04 23:32:05 INFO: concept II model C: 1 items in API response
2022-07-04 23:32:06 INFO: concept II model D: 0 items in API response
2022-07-04 23:32:06 INFO: concept II model E: 0 items in API response
2022-07-04 23:32:06 INFO: -1001797708509: Checked for new listings
2022-07-04 23:33:04 INFO: concept 2: 100 items in API response
2022-07-04 23:33:04 INFO: concept 2 model C: 10 items in API response
2022-07-04 23:33:05 INFO: concept 2 model D: 22 items in API response
2022-07-04 23:33:05 INFO: concept 2 model E: 12 items in API response
2022-07-04 23:33:05 INFO: concept II: 10 items in API response
2022-07-04 23:33:06 INFO: concept II model C: 1 items in API response
2022-07-04 23:33:06 INFO: concept II model D: 0 items in API response
2022-07-04 23:33:08 INFO: concept II model E: 0 items in API response
2022-07-04 23:33:08 INFO: -1001797708509: Checked for new listings
2022-07-04 23:34:04 INFO: concept 2: 100 items in API response
2022-07-04 23:34:05 INFO: concept 2 model C: 10 items in API response
2022-07-04 23:34:05 INFO: concept 2 model D: 22 items in API response
2022-07-04 23:34:06 INFO: concept 2 model E: 12 items in API response
2022-07-04 23:34:06 INFO: concept II: 10 items in API response
2022-07-04 23:34:06 INFO: concept II model C: 1 items in API response
2022-07-04 23:34:07 INFO: concept II model D: 0 items in API response
2022-07-04 23:34:07 INFO: concept II model E: 0 items in API response
2022-07-04 23:34:07 INFO: -1001797708509: Checked for new listings
2022-07-04 23:35:04 INFO: concept 2: 100 items in API response
2022-07-04 23:35:04 INFO: concept 2 model C: 10 items in API response
2022-07-04 23:35:05 INFO: concept 2 model D: 22 items in API response
2022-07-04 23:35:05 INFO: concept 2 model E: 12 items in API response
2022-07-04 23:35:05 INFO: concept II: 10 items in API response
2022-07-04 23:35:06 INFO: concept II model C: 1 items in API response
2022-07-04 23:35:06 INFO: concept II model D: 0 items in API response
2022-07-04 23:35:06 INFO: concept II model E: 0 items in API response
2022-07-04 23:35:06 INFO: -1001797708509: Checked for new listings
2022-07-04 23:36:03 INFO: concept 2: 100 items in API response
2022-07-04 23:36:04 INFO: concept 2 model C: 10 items in API response
2022-07-04 23:36:04 INFO: concept 2 model D: 22 items in API response
2022-07-04 23:36:04 INFO: concept 2 model E: 12 items in API response
2022-07-04 23:36:05 INFO: concept II: 10 items in API response
2022-07-04 23:36:05 INFO: concept II model C: 1 items in API response
2022-07-04 23:36:05 INFO: concept II model D: 0 items in API response
2022-07-04 23:36:06 INFO: concept II model E: 0 items in API response
2022-07-04 23:36:06 INFO: -1001797708509: Checked for new listings
2022-07-04 23:37:04 INFO: concept 2: 100 items in API response
2022-07-04 23:37:04 INFO: concept 2 model C: 10 items in API response
2022-07-04 23:37:05 INFO: concept 2 model D: 22 items in API response
2022-07-04 23:37:05 INFO: concept 2 model E: 12 items in API response
2022-07-04 23:37:05 INFO: concept II: 10 items in API response
2022-07-04 23:37:06 INFO: concept II model C: 1 items in API response
2022-07-04 23:37:06 INFO: concept II model D: 0 items in API response
2022-07-04 23:37:06 INFO: concept II model E: 0 items in API response
2022-07-04 23:37:06 INFO: -1001797708509: Checked for new listings
2022-07-04 23:38:04 INFO: concept 2: 100 items in API response
2022-07-04 23:38:05 INFO: concept 2 model C: 10 items in API response
2022-07-04 23:38:05 INFO: concept 2 model D: 22 items in API response
2022-07-04 23:38:06 INFO: concept 2 model E: 12 items in API response
2022-07-04 23:38:06 INFO: concept II: 10 items in API response
2022-07-04 23:38:06 INFO: concept II model C: 1 items in API response
2022-07-04 23:38:06 INFO: concept II model D: 0 items in API response
2022-07-04 23:38:07 INFO: concept II model E: 0 items in API response
2022-07-04 23:38:07 INFO: -1001797708509: Checked for new listings
2022-07-04 23:39:04 INFO: concept 2: 100 items in API response
2022-07-04 23:39:04 INFO: concept 2 model C: 10 items in API response
2022-07-04 23:39:05 INFO: concept 2 model D: 22 items in API response
2022-07-04 23:39:05 INFO: concept 2 model E: 12 items in API response
2022-07-04 23:39:05 INFO: concept II: 10 items in API response
2022-07-04 23:39:06 INFO: concept II model C: 1 items in API response
2022-07-04 23:39:06 INFO: concept II model D: 0 items in API response
2022-07-04 23:39:06 INFO: concept II model E: 0 items in API response
2022-07-04 23:39:06 INFO: -1001797708509: Checked for new listings
2022-07-04 23:40:04 INFO: concept 2: 100 items in API response
2022-07-04 23:40:04 INFO: concept 2 model C: 10 items in API response
2022-07-04 23:40:04 INFO: concept 2 model D: 22 items in API response
2022-07-04 23:40:05 INFO: concept 2 model E: 12 items in API response
2022-07-04 23:40:05 INFO: concept II: 10 items in API response
2022-07-04 23:40:05 INFO: concept II model C: 1 items in API response
2022-07-04 23:40:06 INFO: concept II model D: 0 items in API response
2022-07-04 23:40:06 INFO: concept II model E: 0 items in API response
2022-07-04 23:40:06 INFO: -1001797708509: Checked for new listings
2022-07-04 23:41:04 INFO: concept 2: 100 items in API response
2022-07-04 23:41:04 INFO: concept 2 model C: 10 items in API response
2022-07-04 23:41:05 INFO: concept 2 model D: 22 items in API response
2022-07-04 23:41:05 INFO: concept 2 model E: 12 items in API response
2022-07-04 23:41:05 INFO: concept II: 10 items in API response
2022-07-04 23:41:06 INFO: concept II model C: 1 items in API response
2022-07-04 23:41:06 INFO: concept II model D: 0 items in API response
2022-07-04 23:41:06 INFO: concept II model E: 0 items in API response
2022-07-04 23:41:06 INFO: -1001797708509: Checked for new listings
2022-07-04 23:42:04 INFO: concept 2: 100 items in API response
2022-07-04 23:42:05 INFO: concept 2 model C: 10 items in API response
2022-07-04 23:42:05 INFO: concept 2 model D: 22 items in API response
2022-07-04 23:42:05 INFO: concept 2 model E: 12 items in API response
2022-07-04 23:42:06 INFO: concept II: 10 items in API response
2022-07-04 23:42:06 INFO: concept II model C: 1 items in API response
2022-07-04 23:42:06 INFO: concept II model D: 0 items in API response
2022-07-04 23:42:06 INFO: concept II model E: 0 items in API response
2022-07-04 23:42:07 INFO: -1001797708509: Checked for new listings
2022-07-04 23:43:04 INFO: concept 2: 100 items in API response
2022-07-04 23:43:04 INFO: concept 2 model C: 10 items in API response
2022-07-04 23:43:05 INFO: concept 2 model D: 22 items in API response
2022-07-04 23:43:05 INFO: concept 2 model E: 12 items in API response
2022-07-04 23:43:05 INFO: concept II: 10 items in API response
2022-07-04 23:43:06 INFO: concept II model C: 1 items in API response
2022-07-04 23:43:06 INFO: concept II model D: 0 items in API response
2022-07-04 23:43:06 INFO: concept II model E: 0 items in API response
2022-07-04 23:43:06 INFO: -1001797708509: Checked for new listings
2022-07-04 23:44:04 INFO: concept 2: 100 items in API response
2022-07-04 23:44:05 INFO: concept 2 model C: 10 items in API response
2022-07-04 23:44:05 INFO: concept 2 model D: 22 items in API response
2022-07-04 23:44:06 INFO: concept 2 model E: 12 items in API response
2022-07-04 23:44:06 INFO: concept II: 10 items in API response
2022-07-04 23:44:07 INFO: concept II model C: 1 items in API response
2022-07-04 23:44:07 INFO: concept II model D: 0 items in API response
2022-07-04 23:44:07 INFO: concept II model E: 0 items in API response
2022-07-04 23:44:07 INFO: -1001797708509: Checked for new listings
2022-07-04 23:45:04 INFO: concept 2: 100 items in API response
2022-07-04 23:45:05 INFO: concept 2 model C: 10 items in API response
2022-07-04 23:45:05 INFO: concept 2 model D: 22 items in API response
2022-07-04 23:45:05 INFO: concept 2 model E: 12 items in API response
2022-07-04 23:45:06 INFO: concept II: 10 items in API response
2022-07-04 23:45:06 INFO: concept II model C: 1 items in API response
2022-07-04 23:45:06 INFO: concept II model D: 0 items in API response
2022-07-04 23:45:06 INFO: concept II model E: 0 items in API response
2022-07-04 23:45:06 INFO: -1001797708509: Checked for new listings
2022-07-04 23:46:04 INFO: concept 2: 100 items in API response
2022-07-04 23:46:04 INFO: concept 2 model C: 10 items in API response
2022-07-04 23:46:04 INFO: concept 2 model D: 22 items in API response
2022-07-04 23:46:05 INFO: concept 2 model E: 12 items in API response
2022-07-04 23:46:05 INFO: concept II: 10 items in API response
2022-07-04 23:46:05 INFO: concept II model C: 1 items in API response
2022-07-04 23:46:06 INFO: concept II model D: 0 items in API response
2022-07-04 23:46:06 INFO: concept II model E: 0 items in API response
2022-07-04 23:46:06 INFO: -1001797708509: Checked for new listings
2022-07-04 23:47:04 INFO: concept 2: 100 items in API response
2022-07-04 23:47:04 INFO: concept 2 model C: 10 items in API response
2022-07-04 23:47:05 INFO: concept 2 model D: 22 items in API response
2022-07-04 23:47:05 INFO: concept 2 model E: 12 items in API response
2022-07-04 23:47:06 INFO: concept II: 10 items in API response
2022-07-04 23:47:06 INFO: concept II model C: 1 items in API response
2022-07-04 23:47:06 INFO: concept II model D: 0 items in API response
2022-07-04 23:47:06 INFO: concept II model E: 0 items in API response
2022-07-04 23:47:06 INFO: -1001797708509: Checked for new listings
2022-07-04 23:48:03 INFO: concept 2: 100 items in API response
2022-07-04 23:48:04 INFO: concept 2 model C: 10 items in API response
2022-07-04 23:48:04 INFO: concept 2 model D: 22 items in API response
2022-07-04 23:48:05 INFO: concept 2 model E: 12 items in API response
2022-07-04 23:48:05 INFO: concept II: 10 items in API response
2022-07-04 23:48:05 INFO: concept II model C: 1 items in API response
2022-07-04 23:48:05 INFO: concept II model D: 0 items in API response
2022-07-04 23:48:06 INFO: concept II model E: 0 items in API response
2022-07-04 23:48:06 INFO: -1001797708509: Checked for new listings
2022-07-04 23:49:04 INFO: concept 2: 100 items in API response
2022-07-04 23:49:04 INFO: concept 2 model C: 10 items in API response
2022-07-04 23:49:04 INFO: concept 2 model D: 22 items in API response
2022-07-04 23:49:05 INFO: concept 2 model E: 12 items in API response
2022-07-04 23:49:05 INFO: concept II: 10 items in API response
2022-07-04 23:49:05 INFO: concept II model C: 1 items in API response
2022-07-04 23:49:06 INFO: concept II model D: 0 items in API response
2022-07-04 23:49:06 INFO: concept II model E: 0 items in API response
2022-07-04 23:49:06 INFO: -1001797708509: Checked for new listings
2022-07-04 23:50:04 INFO: concept 2: 100 items in API response
2022-07-04 23:50:05 INFO: concept 2 model C: 10 items in API response
2022-07-04 23:50:05 INFO: concept 2 model D: 22 items in API response
2022-07-04 23:50:05 INFO: concept 2 model E: 12 items in API response
2022-07-04 23:50:06 INFO: concept II: 10 items in API response
2022-07-04 23:50:06 INFO: concept II model C: 1 items in API response
2022-07-04 23:50:06 INFO: concept II model D: 0 items in API response
2022-07-04 23:50:06 INFO: concept II model E: 0 items in API response
2022-07-04 23:50:06 INFO: -1001797708509: Checked for new listings
2022-07-04 23:51:04 INFO: concept 2: 100 items in API response
2022-07-04 23:51:04 INFO: concept 2 model C: 10 items in API response
2022-07-04 23:51:04 INFO: concept 2 model D: 22 items in API response
2022-07-04 23:51:05 INFO: concept 2 model E: 12 items in API response
2022-07-04 23:51:07 INFO: concept II: 10 items in API response
2022-07-04 23:51:08 INFO: concept II model C: 1 items in API response
2022-07-04 23:51:08 INFO: concept II model D: 0 items in API response
2022-07-04 23:51:09 INFO: concept II model E: 0 items in API response
2022-07-04 23:51:09 INFO: -1001797708509: Checked for new listings
2022-07-04 23:52:04 INFO: concept 2: 100 items in API response
2022-07-04 23:52:04 INFO: concept 2 model C: 10 items in API response
2022-07-04 23:52:05 INFO: concept 2 model D: 22 items in API response
2022-07-04 23:52:05 INFO: concept 2 model E: 12 items in API response
2022-07-04 23:52:05 INFO: concept II: 10 items in API response
2022-07-04 23:52:06 INFO: concept II model C: 1 items in API response
2022-07-04 23:52:06 INFO: concept II model D: 0 items in API response
2022-07-04 23:52:07 INFO: concept II model E: 0 items in API response
2022-07-04 23:52:07 INFO: -1001797708509: Checked for new listings
2022-07-04 23:53:04 INFO: concept 2: 100 items in API response
2022-07-04 23:53:05 INFO: concept 2 model C: 10 items in API response
2022-07-04 23:53:09 INFO: concept 2 model D: 22 items in API response
2022-07-04 23:53:10 INFO: concept 2 model E: 12 items in API response
2022-07-04 23:53:11 INFO: concept II: 10 items in API response
2022-07-04 23:53:11 INFO: concept II model C: 1 items in API response
2022-07-04 23:53:11 INFO: concept II model D: 0 items in API response
2022-07-04 23:53:12 INFO: concept II model E: 0 items in API response
2022-07-04 23:53:12 INFO: -1001797708509: Checked for new listings
2022-07-04 23:54:04 INFO: concept 2: 100 items in API response
2022-07-04 23:54:04 INFO: concept 2 model C: 10 items in API response
2022-07-04 23:54:05 INFO: concept 2 model D: 22 items in API response
2022-07-04 23:54:05 INFO: concept 2 model E: 12 items in API response
2022-07-04 23:54:05 INFO: concept II: 10 items in API response
2022-07-04 23:54:06 INFO: concept II model C: 1 items in API response
2022-07-04 23:54:06 INFO: concept II model D: 0 items in API response
2022-07-04 23:54:06 INFO: concept II model E: 0 items in API response
2022-07-04 23:54:07 INFO: -1001797708509: Checked for new listings
2022-07-04 23:55:04 INFO: concept 2: 100 items in API response
2022-07-04 23:55:04 INFO: concept 2 model C: 10 items in API response
2022-07-04 23:55:04 INFO: concept 2 model D: 22 items in API response
2022-07-04 23:55:05 INFO: concept 2 model E: 12 items in API response
2022-07-04 23:55:05 INFO: concept II: 10 items in API response
2022-07-04 23:55:05 INFO: concept II model C: 1 items in API response
2022-07-04 23:55:05 INFO: concept II model D: 0 items in API response
2022-07-04 23:55:06 INFO: concept II model E: 0 items in API response
2022-07-04 23:55:06 INFO: -1001797708509: Checked for new listings
2022-07-04 23:56:04 INFO: concept 2: 100 items in API response
2022-07-04 23:56:05 INFO: concept 2 model C: 10 items in API response
2022-07-04 23:56:05 INFO: concept 2 model D: 22 items in API response
2022-07-04 23:56:05 INFO: concept 2 model E: 12 items in API response
2022-07-04 23:56:06 INFO: concept II: 10 items in API response
2022-07-04 23:56:06 INFO: concept II model C: 1 items in API response
2022-07-04 23:56:06 INFO: concept II model D: 0 items in API response
2022-07-04 23:56:06 INFO: concept II model E: 0 items in API response
2022-07-04 23:56:06 INFO: -1001797708509: Checked for new listings
2022-07-04 23:57:04 INFO: concept 2: 100 items in API response
2022-07-04 23:57:04 INFO: concept 2 model C: 10 items in API response
2022-07-04 23:57:05 INFO: concept 2 model D: 22 items in API response
2022-07-04 23:57:05 INFO: concept 2 model E: 12 items in API response
2022-07-04 23:57:06 INFO: concept II: 10 items in API response
2022-07-04 23:57:06 INFO: concept II model C: 1 items in API response
2022-07-04 23:57:06 INFO: concept II model D: 0 items in API response
2022-07-04 23:57:06 INFO: concept II model E: 0 items in API response
2022-07-04 23:57:06 INFO: -1001797708509: Checked for new listings
2022-07-04 23:58:04 INFO: concept 2: 100 items in API response
2022-07-04 23:58:04 INFO: concept 2 model C: 10 items in API response
2022-07-04 23:58:04 INFO: concept 2 model D: 22 items in API response
2022-07-04 23:58:05 INFO: concept 2 model E: 12 items in API response
2022-07-04 23:58:05 INFO: concept II: 10 items in API response
2022-07-04 23:58:05 INFO: concept II model C: 1 items in API response
2022-07-04 23:58:06 INFO: concept II model D: 0 items in API response
2022-07-04 23:58:06 INFO: concept II model E: 0 items in API response
2022-07-04 23:58:06 INFO: -1001797708509: Checked for new listings
2022-07-04 23:59:09 INFO: concept 2: 100 items in API response
2022-07-04 23:59:09 INFO: concept 2 model C: 10 items in API response
2022-07-04 23:59:10 INFO: concept 2 model D: 22 items in API response
2022-07-04 23:59:10 INFO: concept 2 model E: 12 items in API response
2022-07-04 23:59:12 INFO: concept II: 10 items in API response
2022-07-04 23:59:12 INFO: concept II model C: 1 items in API response
2022-07-04 23:59:12 INFO: concept II model D: 0 items in API response
2022-07-04 23:59:13 INFO: concept II model E: 0 items in API response
2022-07-04 23:59:13 INFO: -1001797708509: Checked for new listings
